{"meta": {"format": 3, "version": "7.12.0", "timestamp": "2026-01-01T10:35:54.898171", "branch_coverage": false, "show_contexts": false}, "files": {"backend/app/__init__.py": {"executed_lines": [1], "summary": {"covered_lines": 1, "num_statements": 1, "percent_covered": 100.0, "percent_covered_display": "100", "missing_lines": 0, "excluded_lines": 0, "percent_statements_covered": 100.0, "percent_statements_covered_display": "100"}, "missing_lines": [], "excluded_lines": [], "functions": {"": {"executed_lines": [1], "summary": {"covered_lines": 1, "num_statements": 1, "percent_covered": 100.0, "percent_covered_display": "100", "missing_lines": 0, "excluded_lines": 0, "percent_statements_covered": 100.0, "percent_statements_covered_display": "100"}, "missing_lines": [], "excluded_lines": []}}, "classes": {"": {"executed_lines": [1], "summary": {"covered_lines": 1, "num_statements": 1, "percent_covered": 100.0, "percent_covered_display": "100", "missing_lines": 0, "excluded_lines": 0, "percent_statements_covered": 100.0, "percent_statements_covered_display": "100"}, "missing_lines": [], "excluded_lines": []}}}, "backend/app/api/dashboard.py": {"executed_lines": [1, 2, 3, 5, 6, 7, 8, 9, 10, 11, 12, 13, 15, 19, 21, 23, 24, 25, 29, 30, 33, 34, 35, 36, 37, 38, 40, 41, 44, 45, 47, 48, 51, 52, 53, 54, 55, 56, 57, 58, 61, 62, 63, 64, 67, 69, 71, 72, 73, 75, 77, 78, 79, 82, 83, 86, 87, 88, 89, 92, 93, 94, 95, 97, 98, 99, 102, 104, 105, 108, 112, 113, 115, 116, 117, 119, 122, 125, 126, 127, 129, 130, 131, 133, 134, 136, 137, 139, 140, 141, 142, 143, 146, 149, 151, 153, 154, 155, 161, 162, 163, 164, 165, 166, 168, 170, 172, 173, 174, 176, 177, 179, 180, 181, 182, 183, 184, 187, 189, 190, 191, 193, 194, 195, 196, 197, 198, 199, 202, 203, 204, 205, 206, 208, 213, 215, 216, 217, 219, 222, 225, 226, 227, 228, 229, 230, 232, 233, 234, 236, 237, 238, 239, 245, 246, 248, 255, 257, 259, 260, 261, 266, 268, 270, 271, 272, 274, 275, 276, 278, 280, 282, 289, 290, 291, 296, 297, 298, 300, 301, 302, 311, 313, 314, 315, 1973, 1983, 1985, 1992], "summary": {"covered_lines": 185, "num_statements": 195, "percent_covered": 94.87179487179488, "percent_covered_display": "95", "missing_lines": 10, "excluded_lines": 0, "percent_statements_covered": 94.87179487179488, "percent_statements_covered_display": "95"}, "missing_lines": [109, 120, 123, 209, 210, 211, 220, 223, 241, 242], "excluded_lines": [], "functions": {"get_account_summary": {"executed_lines": [29, 30, 33, 34, 35, 36, 37, 38, 40, 41, 44, 45, 47, 48, 51, 52, 53, 54, 55, 56, 57, 58, 61, 62, 63, 64, 67, 69, 71, 72, 73, 75, 77, 78, 79, 82, 83, 86, 87, 88, 89, 92, 93, 94, 95, 97, 98, 99, 102, 115, 116, 117, 119, 122, 125, 126, 127, 129, 130, 131, 133, 134, 136, 137, 139, 140, 141, 142, 143, 146, 149, 151], "summary": {"covered_lines": 72, "num_statements": 74, "percent_covered": 97.29729729729729, "percent_covered_display": "97", "missing_lines": 2, "excluded_lines": 0, "percent_statements_covered": 97.29729729729729, "percent_statements_covered_display": "97"}, "missing_lines": [120, 123], "excluded_lines": []}, "get_account_summary.get_price": {"executed_lines": [104, 105, 108, 112, 113], "summary": {"covered_lines": 5, "num_statements": 6, "percent_covered": 83.33333333333333, "percent_covered_display": "83", "missing_lines": 1, "excluded_lines": 0, "percent_statements_covered": 83.33333333333333, "percent_statements_covered_display": "83"}, "missing_lines": [109], "excluded_lines": []}, "get_pnl": {"executed_lines": [161, 162, 163, 164, 165, 166, 168, 170, 172, 173, 174, 176, 177, 179, 180, 181, 182, 183, 184, 187, 189, 190, 191, 193, 194, 195, 196, 197, 198, 199, 202, 203, 204, 205, 206, 208, 213, 215, 225, 226, 227, 228, 229, 230, 232, 233, 234, 236, 237, 238, 239, 245, 246, 248, 255, 257], "summary": {"covered_lines": 56, "num_statements": 61, "percent_covered": 91.80327868852459, "percent_covered_display": "92", "missing_lines": 5, "excluded_lines": 0, "percent_statements_covered": 91.80327868852459, "percent_statements_covered_display": "92"}, "missing_lines": [209, 210, 211, 241, 242], "excluded_lines": []}, "get_pnl.get_price": {"executed_lines": [216, 217, 219, 222], "summary": {"covered_lines": 4, "num_statements": 6, "percent_covered": 66.66666666666667, "percent_covered_display": "67", "missing_lines": 2, "excluded_lines": 0, "percent_statements_covered": 66.66666666666667, "percent_statements_covered_display": "67"}, "missing_lines": [220, 223], "excluded_lines": []}, "get_stats": {"executed_lines": [266, 268, 270, 271, 272, 274, 275, 276, 278, 280, 282], "summary": {"covered_lines": 11, "num_statements": 11, "percent_covered": 100.0, "percent_covered_display": "100", "missing_lines": 0, "excluded_lines": 0, "percent_statements_covered": 100.0, "percent_statements_covered_display": "100"}, "missing_lines": [], "excluded_lines": []}, "get_active_groups_count": {"executed_lines": [296, 297, 298], "summary": {"covered_lines": 3, "num_statements": 3, "percent_covered": 100.0, "percent_covered_display": "100", "missing_lines": 0, "excluded_lines": 0, "percent_statements_covered": 100.0, "percent_statements_covered_display": "100"}, "missing_lines": [], "excluded_lines": []}, "get_comprehensive_analytics": {"executed_lines": [311, 313, 314, 315], "summary": {"covered_lines": 4, "num_statements": 4, "percent_covered": 100.0, "percent_covered_display": "100", "missing_lines": 0, "excluded_lines": 0, "percent_statements_covered": 100.0, "percent_statements_covered_display": "100"}, "missing_lines": [], "excluded_lines": []}, "": {"executed_lines": [1, 2, 3, 5, 6, 7, 8, 9, 10, 11, 12, 13, 15, 19, 21, 23, 24, 25, 153, 154, 155, 259, 260, 261, 289, 290, 291, 300, 301, 302], "summary": {"covered_lines": 30, "num_statements": 30, "percent_covered": 100.0, "percent_covered_display": "100", "missing_lines": 0, "excluded_lines": 0, "percent_statements_covered": 100.0, "percent_statements_covered_display": "100"}, "missing_lines": [], "excluded_lines": []}}, "classes": {"": {"executed_lines": [1, 2, 3, 5, 6, 7, 8, 9, 10, 11, 12, 13, 15, 19, 21, 23, 24, 25, 29, 30, 33, 34, 35, 36, 37, 38, 40, 41, 44, 45, 47, 48, 51, 52, 53, 54, 55, 56, 57, 58, 61, 62, 63, 64, 67, 69, 71, 72, 73, 75, 77, 78, 79, 82, 83, 86, 87, 88, 89, 92, 93, 94, 95, 97, 98, 99, 102, 104, 105, 108, 112, 113, 115, 116, 117, 119, 122, 125, 126, 127, 129, 130, 131, 133, 134, 136, 137, 139, 140, 141, 142, 143, 146, 149, 151, 153, 154, 155, 161, 162, 163, 164, 165, 166, 168, 170, 172, 173, 174, 176, 177, 179, 180, 181, 182, 183, 184, 187, 189, 190, 191, 193, 194, 195, 196, 197, 198, 199, 202, 203, 204, 205, 206, 208, 213, 215, 216, 217, 219, 222, 225, 226, 227, 228, 229, 230, 232, 233, 234, 236, 237, 238, 239, 245, 246, 248, 255, 257, 259, 260, 261, 266, 268, 270, 271, 272, 274, 275, 276, 278, 280, 282, 289, 290, 291, 296, 297, 298, 300, 301, 302, 311, 313, 314, 315], "summary": {"covered_lines": 185, "num_statements": 195, "percent_covered": 94.87179487179488, "percent_covered_display": "95", "missing_lines": 10, "excluded_lines": 0, "percent_statements_covered": 94.87179487179488, "percent_statements_covered_display": "95"}, "missing_lines": [109, 120, 123, 209, 210, 211, 220, 223, 241, 242], "excluded_lines": []}}}, "backend/app/api/dca_configs.py": {"executed_lines": [2, 3, 5, 6, 8, 9, 10, 11, 12, 13, 19, 22, 24, 25, 33, 34, 41, 44, 45, 47, 48, 56, 59, 62, 68, 69, 74, 94, 95, 96, 97, 99, 100, 109, 110, 112, 113, 114, 115, 117, 118, 119, 120, 121, 122, 126, 127, 128, 129, 130, 131, 133, 135, 137, 140, 141, 142, 144, 145, 153, 154, 156, 157, 158, 159, 161, 162, 163], "summary": {"covered_lines": 68, "num_statements": 77, "percent_covered": 88.31168831168831, "percent_covered_display": "88", "missing_lines": 9, "excluded_lines": 0, "percent_statements_covered": 88.31168831168831, "percent_statements_covered_display": "88"}, "missing_lines": [26, 27, 28, 29, 30, 31, 134, 136, 138], "excluded_lines": [], "functions": {"normalize_pair": {"executed_lines": [24, 25], "summary": {"covered_lines": 2, "num_statements": 8, "percent_covered": 25.0, "percent_covered_display": "25", "missing_lines": 6, "excluded_lines": 0, "percent_statements_covered": 25.0, "percent_statements_covered_display": "25"}, "missing_lines": [26, 27, 28, 29, 30, 31], "excluded_lines": []}, "get_my_dca_configs": {"executed_lines": [41, 44, 45], "summary": {"covered_lines": 3, "num_statements": 3, "percent_covered": 100.0, "percent_covered_display": "100", "missing_lines": 0, "excluded_lines": 0, "percent_statements_covered": 100.0, "percent_statements_covered_display": "100"}, "missing_lines": [], "excluded_lines": []}, "create_dca_config": {"executed_lines": [56, 59, 62, 68, 69, 74, 94, 95, 96, 97], "summary": {"covered_lines": 10, "num_statements": 10, "percent_covered": 100.0, "percent_covered_display": "100", "missing_lines": 0, "excluded_lines": 0, "percent_statements_covered": 100.0, "percent_statements_covered_display": "100"}, "missing_lines": [], "excluded_lines": []}, "update_dca_config": {"executed_lines": [109, 110, 112, 113, 114, 115, 117, 118, 119, 120, 121, 122, 126, 127, 128, 129, 130, 131, 133, 135, 137, 140, 141, 142], "summary": {"covered_lines": 24, "num_statements": 27, "percent_covered": 88.88888888888889, "percent_covered_display": "89", "missing_lines": 3, "excluded_lines": 0, "percent_statements_covered": 88.88888888888889, "percent_statements_covered_display": "89"}, "missing_lines": [134, 136, 138], "excluded_lines": []}, "delete_dca_config": {"executed_lines": [153, 154, 156, 157, 158, 159, 161, 162, 163], "summary": {"covered_lines": 9, "num_statements": 9, "percent_covered": 100.0, "percent_covered_display": "100", "missing_lines": 0, "excluded_lines": 0, "percent_statements_covered": 100.0, "percent_statements_covered_display": "100"}, "missing_lines": [], "excluded_lines": []}, "": {"executed_lines": [2, 3, 5, 6, 8, 9, 10, 11, 12, 13, 19, 22, 33, 34, 47, 48, 99, 100, 144, 145], "summary": {"covered_lines": 20, "num_statements": 20, "percent_covered": 100.0, "percent_covered_display": "100", "missing_lines": 0, "excluded_lines": 0, "percent_statements_covered": 100.0, "percent_statements_covered_display": "100"}, "missing_lines": [], "excluded_lines": []}}, "classes": {"": {"executed_lines": [2, 3, 5, 6, 8, 9, 10, 11, 12, 13, 19, 22, 24, 25, 33, 34, 41, 44, 45, 47, 48, 56, 59, 62, 68, 69, 74, 94, 95, 96, 97, 99, 100, 109, 110, 112, 113, 114, 115, 117, 118, 119, 120, 121, 122, 126, 127, 128, 129, 130, 131, 133, 135, 137, 140, 141, 142, 144, 145, 153, 154, 156, 157, 158, 159, 161, 162, 163], "summary": {"covered_lines": 68, "num_statements": 77, "percent_covered": 88.31168831168831, "percent_covered_display": "88", "missing_lines": 9, "excluded_lines": 0, "percent_statements_covered": 88.31168831168831, "percent_statements_covered_display": "88"}, "missing_lines": [26, 27, 28, 29, 30, 31, 134, 136, 138], "excluded_lines": []}}}, "backend/app/api/dependencies/signature_validation.py": {"executed_lines": [1, 2, 3, 4, 5, 6, 7, 8, 10, 13, 24, 25, 26, 27, 30, 33, 41, 42, 49, 50, 59, 60, 61, 67, 68, 1893, 1910, 1973, 1983, 1985, 1992], "summary": {"covered_lines": 25, "num_statements": 37, "percent_covered": 67.56756756756756, "percent_covered_display": "68", "missing_lines": 12, "excluded_lines": 0, "percent_statements_covered": 67.56756756756756, "percent_statements_covered_display": "68"}, "missing_lines": [14, 15, 16, 17, 18, 34, 35, 36, 43, 44, 51, 52], "excluded_lines": [], "functions": {"get_webhook_payload": {"executed_lines": [], "summary": {"covered_lines": 0, "num_statements": 5, "percent_covered": 0.0, "percent_covered_display": "0", "missing_lines": 5, "excluded_lines": 0, "percent_statements_covered": 0.0, "percent_statements_covered_display": "0"}, "missing_lines": [14, 15, 16, 17, 18], "excluded_lines": []}, "SignatureValidator.__call__": {"executed_lines": [26, 27, 30, 33, 41, 42, 49, 50, 59, 60, 61, 67, 68], "summary": {"covered_lines": 13, "num_statements": 20, "percent_covered": 65.0, "percent_covered_display": "65", "missing_lines": 7, "excluded_lines": 0, "percent_statements_covered": 65.0, "percent_statements_covered_display": "65"}, "missing_lines": [34, 35, 36, 43, 44, 51, 52], "excluded_lines": []}, "": {"executed_lines": [1, 2, 3, 4, 5, 6, 7, 8, 10, 13, 24, 25], "summary": {"covered_lines": 12, "num_statements": 12, "percent_covered": 100.0, "percent_covered_display": "100", "missing_lines": 0, "excluded_lines": 0, "percent_statements_covered": 100.0, "percent_statements_covered_display": "100"}, "missing_lines": [], "excluded_lines": []}}, "classes": {"SignatureValidator": {"executed_lines": [26, 27, 30, 33, 41, 42, 49, 50, 59, 60, 61, 67, 68], "summary": {"covered_lines": 13, "num_statements": 20, "percent_covered": 65.0, "percent_covered_display": "65", "missing_lines": 7, "excluded_lines": 0, "percent_statements_covered": 65.0, "percent_statements_covered_display": "65"}, "missing_lines": [34, 35, 36, 43, 44, 51, 52], "excluded_lines": []}, "": {"executed_lines": [1, 2, 3, 4, 5, 6, 7, 8, 10, 13, 24, 25], "summary": {"covered_lines": 12, "num_statements": 17, "percent_covered": 70.58823529411765, "percent_covered_display": "71", "missing_lines": 5, "excluded_lines": 0, "percent_statements_covered": 70.58823529411765, "percent_statements_covered_display": "71"}, "missing_lines": [14, 15, 16, 17, 18], "excluded_lines": []}}}, "backend/app/api/dependencies/users.py": {"executed_lines": [1, 2, 3, 4, 5, 6, 8, 9, 10, 11, 12, 14, 17, 19, 22, 30, 37, 38, 39, 46, 51, 57, 64, 66, 69, 70, 71, 72, 74, 78, 79, 80, 87, 88, 94, 97, 99, 1973, 1983, 1985, 1992], "summary": {"covered_lines": 37, "num_statements": 54, "percent_covered": 68.51851851851852, "percent_covered_display": "69", "missing_lines": 17, "excluded_lines": 0, "percent_statements_covered": 68.51851851851852, "percent_statements_covered_display": "69"}, "missing_lines": [24, 25, 26, 27, 40, 42, 43, 67, 75, 81, 82, 84, 85, 89, 90, 91, 98], "excluded_lines": [], "functions": {"get_token_from_cookie": {"executed_lines": [], "summary": {"covered_lines": 0, "num_statements": 4, "percent_covered": 0.0, "percent_covered_display": "0", "missing_lines": 4, "excluded_lines": 0, "percent_statements_covered": 0.0, "percent_statements_covered_display": "0"}, "missing_lines": [24, 25, 26, 27], "excluded_lines": []}, "check_token_blacklist": {"executed_lines": [37, 38, 39], "summary": {"covered_lines": 3, "num_statements": 6, "percent_covered": 50.0, "percent_covered_display": "50", "missing_lines": 3, "excluded_lines": 0, "percent_statements_covered": 50.0, "percent_statements_covered_display": "50"}, "missing_lines": [40, 42, 43], "excluded_lines": []}, "get_current_user": {"executed_lines": [51, 57, 64, 66, 69, 70, 71, 72, 74, 78, 79, 80, 87, 88], "summary": {"covered_lines": 14, "num_statements": 23, "percent_covered": 60.869565217391305, "percent_covered_display": "61", "missing_lines": 9, "excluded_lines": 0, "percent_statements_covered": 60.869565217391305, "percent_statements_covered_display": "61"}, "missing_lines": [67, 75, 81, 82, 84, 85, 89, 90, 91], "excluded_lines": []}, "get_current_active_user": {"executed_lines": [97, 99], "summary": {"covered_lines": 2, "num_statements": 3, "percent_covered": 66.66666666666667, "percent_covered_display": "67", "missing_lines": 1, "excluded_lines": 0, "percent_statements_covered": 66.66666666666667, "percent_statements_covered_display": "67"}, "missing_lines": [98], "excluded_lines": []}, "": {"executed_lines": [1, 2, 3, 4, 5, 6, 8, 9, 10, 11, 12, 14, 17, 19, 22, 30, 46, 94], "summary": {"covered_lines": 18, "num_statements": 18, "percent_covered": 100.0, "percent_covered_display": "100", "missing_lines": 0, "excluded_lines": 0, "percent_statements_covered": 100.0, "percent_statements_covered_display": "100"}, "missing_lines": [], "excluded_lines": []}}, "classes": {"": {"executed_lines": [1, 2, 3, 4, 5, 6, 8, 9, 10, 11, 12, 14, 17, 19, 22, 30, 37, 38, 39, 46, 51, 57, 64, 66, 69, 70, 71, 72, 74, 78, 79, 80, 87, 88, 94, 97, 99], "summary": {"covered_lines": 37, "num_statements": 54, "percent_covered": 68.51851851851852, "percent_covered_display": "69", "missing_lines": 17, "excluded_lines": 0, "percent_statements_covered": 68.51851851851852, "percent_statements_covered_display": "69"}, "missing_lines": [24, 25, 26, 27, 40, 42, 43, 67, 75, 81, 82, 84, 85, 89, 90, 91, 98], "excluded_lines": []}}}, "backend/app/api/health.py": {"executed_lines": [1, 2, 3, 4, 5, 7, 8, 10, 12, 15, 16, 17, 20, 21, 22, 23, 32, 33, 35, 36, 37, 39, 40, 41, 42, 44, 45, 47, 49, 50, 51, 52, 58, 59, 68, 69, 70, 72, 73, 79, 81, 83, 84, 85, 86, 87, 90, 91, 92, 94, 102, 103, 110, 112, 114, 115, 116, 123, 124, 128, 134, 137, 138], "summary": {"covered_lines": 63, "num_statements": 87, "percent_covered": 72.41379310344827, "percent_covered_display": "72", "missing_lines": 24, "excluded_lines": 0, "percent_statements_covered": 72.41379310344827, "percent_statements_covered_display": "72"}, "missing_lines": [24, 25, 26, 139, 140, 141, 142, 145, 146, 147, 148, 151, 152, 153, 156, 157, 158, 159, 160, 161, 162, 163, 165, 167], "excluded_lines": [], "functions": {"root_health_check": {"executed_lines": [17], "summary": {"covered_lines": 1, "num_statements": 1, "percent_covered": 100.0, "percent_covered_display": "100", "missing_lines": 0, "excluded_lines": 0, "percent_statements_covered": 100.0, "percent_statements_covered_display": "100"}, "missing_lines": [], "excluded_lines": []}, "db_health_check": {"executed_lines": [22, 23], "summary": {"covered_lines": 2, "num_statements": 5, "percent_covered": 40.0, "percent_covered_display": "40", "missing_lines": 3, "excluded_lines": 0, "percent_statements_covered": 40.0, "percent_statements_covered_display": "40"}, "missing_lines": [24, 25, 26], "excluded_lines": []}, "redis_health_check": {"executed_lines": [35, 36, 37, 39, 40, 41, 42, 44, 45, 47, 49, 50, 51, 52], "summary": {"covered_lines": 14, "num_statements": 14, "percent_covered": 100.0, "percent_covered_display": "100", "missing_lines": 0, "excluded_lines": 0, "percent_statements_covered": 100.0, "percent_statements_covered_display": "100"}, "missing_lines": [], "excluded_lines": []}, "services_health_check": {"executed_lines": [68, 69, 70, 72, 73, 79, 81, 83, 84, 85, 86, 87, 90, 91, 92, 94, 102, 103, 110, 112, 114, 115, 116], "summary": {"covered_lines": 23, "num_statements": 23, "percent_covered": 100.0, "percent_covered_display": "100", "missing_lines": 0, "excluded_lines": 0, "percent_statements_covered": 100.0, "percent_statements_covered_display": "100"}, "missing_lines": [], "excluded_lines": []}, "comprehensive_health_check": {"executed_lines": [128, 134, 137, 138], "summary": {"covered_lines": 4, "num_statements": 25, "percent_covered": 16.0, "percent_covered_display": "16", "missing_lines": 21, "excluded_lines": 0, "percent_statements_covered": 16.0, "percent_statements_covered_display": "16"}, "missing_lines": [139, 140, 141, 142, 145, 146, 147, 148, 151, 152, 153, 156, 157, 158, 159, 160, 161, 162, 163, 165, 167], "excluded_lines": []}, "": {"executed_lines": [1, 2, 3, 4, 5, 7, 8, 10, 12, 15, 16, 20, 21, 32, 33, 58, 59, 123, 124], "summary": {"covered_lines": 19, "num_statements": 19, "percent_covered": 100.0, "percent_covered_display": "100", "missing_lines": 0, "excluded_lines": 0, "percent_statements_covered": 100.0, "percent_statements_covered_display": "100"}, "missing_lines": [], "excluded_lines": []}}, "classes": {"": {"executed_lines": [1, 2, 3, 4, 5, 7, 8, 10, 12, 15, 16, 17, 20, 21, 22, 23, 32, 33, 35, 36, 37, 39, 40, 41, 42, 44, 45, 47, 49, 50, 51, 52, 58, 59, 68, 69, 70, 72, 73, 79, 81, 83, 84, 85, 86, 87, 90, 91, 92, 94, 102, 103, 110, 112, 114, 115, 116, 123, 124, 128, 134, 137, 138], "summary": {"covered_lines": 63, "num_statements": 87, "percent_covered": 72.41379310344827, "percent_covered_display": "72", "missing_lines": 24, "excluded_lines": 0, "percent_statements_covered": 72.41379310344827, "percent_statements_covered_display": "72"}, "missing_lines": [24, 25, 26, 139, 140, 141, 142, 145, 146, 147, 148, 151, 152, 153, 156, 157, 158, 159, 160, 161, 162, 163, 165, 167], "excluded_lines": []}}}, "backend/app/api/logs.py": {"executed_lines": [1, 2, 3, 5, 6, 7, 9, 10, 12, 14, 15, 24, 25, 27, 28, 30, 36, 37, 41, 44, 45, 47, 50, 52, 54, 55, 56], "summary": {"covered_lines": 27, "num_statements": 27, "percent_covered": 100.0, "percent_covered_display": "100", "missing_lines": 0, "excluded_lines": 0, "percent_statements_covered": 100.0, "percent_statements_covered_display": "100"}, "missing_lines": [], "excluded_lines": [], "functions": {"get_logs": {"executed_lines": [24, 25, 27, 28, 30, 36, 37, 41, 44, 45, 47, 50, 52, 54, 55, 56], "summary": {"covered_lines": 16, "num_statements": 16, "percent_covered": 100.0, "percent_covered_display": "100", "missing_lines": 0, "excluded_lines": 0, "percent_statements_covered": 100.0, "percent_statements_covered_display": "100"}, "missing_lines": [], "excluded_lines": []}, "": {"executed_lines": [1, 2, 3, 5, 6, 7, 9, 10, 12, 14, 15], "summary": {"covered_lines": 11, "num_statements": 11, "percent_covered": 100.0, "percent_covered_display": "100", "missing_lines": 0, "excluded_lines": 0, "percent_statements_covered": 100.0, "percent_statements_covered_display": "100"}, "missing_lines": [], "excluded_lines": []}}, "classes": {"": {"executed_lines": [1, 2, 3, 5, 6, 7, 9, 10, 12, 14, 15, 24, 25, 27, 28, 30, 36, 37, 41, 44, 45, 47, 50, 52, 54, 55, 56], "summary": {"covered_lines": 27, "num_statements": 27, "percent_covered": 100.0, "percent_covered_display": "100", "missing_lines": 0, "excluded_lines": 0, "percent_statements_covered": 100.0, "percent_statements_covered_display": "100"}, "missing_lines": [], "excluded_lines": []}}}, "backend/app/api/positions.py": {"executed_lines": [1, 2, 3, 4, 5, 6, 7, 8, 10, 11, 12, 13, 14, 15, 16, 17, 18, 19, 20, 21, 23, 24, 26, 32, 33, 34, 35, 36, 40, 41, 42, 53, 54, 55, 72, 73, 75, 76, 77, 84, 93, 94, 95, 98, 99, 100, 101, 104, 105, 107, 108, 110, 111, 112, 114, 115, 116, 118, 120, 121, 122, 124, 127, 128, 129, 130, 133, 134, 135, 148, 149, 152, 166, 167, 168, 170, 171, 172, 175, 176, 177, 178, 179, 180, 181, 182, 183, 186, 196, 201, 204, 205, 206, 222, 223, 224, 231, 232, 233, 247, 248, 250, 251, 253, 254, 268, 271, 272, 273, 276, 277, 278, 279, 280, 286, 291, 292, 296, 301, 303, 304, 305, 315, 318, 319, 320, 321, 322, 324, 325, 326, 335, 336, 337, 338, 340, 341, 343, 344, 345, 346, 347, 352, 359, 377, 378, 381, 382, 383, 391, 392, 393, 407, 409, 410, 411, 412, 414, 415, 417, 418, 419, 420, 421, 426, 432, 437, 446, 447, 448, 449, 450, 456, 460, 461, 462, 475, 477, 478, 479, 480, 482, 483, 484, 485, 486, 487, 488, 493, 499, 504, 512, 513, 514, 515, 516, 522, 1651, 1660, 1893, 1894, 1895, 1897, 1909, 1910, 1973, 1983, 1985, 1992], "summary": {"covered_lines": 197, "num_statements": 237, "percent_covered": 83.12236286919831, "percent_covered_display": "83", "missing_lines": 40, "excluded_lines": 0, "percent_statements_covered": 83.12236286919831, "percent_statements_covered_display": "83"}, "missing_lines": [47, 151, 155, 156, 157, 158, 159, 160, 162, 165, 191, 192, 257, 258, 259, 260, 261, 262, 264, 267, 269, 281, 282, 283, 316, 362, 371, 374, 376, 379, 380, 384, 387, 388, 439, 451, 457, 506, 517, 523], "excluded_lines": [], "functions": {"get_order_service": {"executed_lines": [32, 33, 34, 35, 36, 40, 41, 42], "summary": {"covered_lines": 8, "num_statements": 9, "percent_covered": 88.88888888888889, "percent_covered_display": "89", "missing_lines": 1, "excluded_lines": 0, "percent_statements_covered": 88.88888888888889, "percent_statements_covered_display": "89"}, "missing_lines": [47], "excluded_lines": []}, "get_position_history": {"executed_lines": [72, 73, 75, 76, 77], "summary": {"covered_lines": 5, "num_statements": 5, "percent_covered": 100.0, "percent_covered_display": "100", "missing_lines": 0, "excluded_lines": 0, "percent_statements_covered": 100.0, "percent_statements_covered_display": "100"}, "missing_lines": [], "excluded_lines": []}, "_calculate_position_pnl": {"executed_lines": [93, 94, 95, 98, 99, 100, 101, 104, 105, 107, 108, 110, 111, 112, 114, 115, 116, 118, 120, 121, 122, 124, 127, 128, 129, 130], "summary": {"covered_lines": 26, "num_statements": 26, "percent_covered": 100.0, "percent_covered_display": "100", "missing_lines": 0, "excluded_lines": 0, "percent_statements_covered": 100.0, "percent_statements_covered_display": "100"}, "missing_lines": [], "excluded_lines": []}, "get_current_user_active_positions": {"executed_lines": [148, 149, 152, 196, 201], "summary": {"covered_lines": 5, "num_statements": 14, "percent_covered": 35.714285714285715, "percent_covered_display": "36", "missing_lines": 9, "excluded_lines": 0, "percent_statements_covered": 35.714285714285715, "percent_statements_covered_display": "36"}, "missing_lines": [151, 155, 156, 157, 158, 159, 160, 162, 165], "excluded_lines": []}, "get_current_user_active_positions.process_exchange": {"executed_lines": [166, 167, 168, 170, 171, 172, 175, 176, 177, 178, 179, 180, 181, 182, 183, 186], "summary": {"covered_lines": 16, "num_statements": 18, "percent_covered": 88.88888888888889, "percent_covered_display": "89", "missing_lines": 2, "excluded_lines": 0, "percent_statements_covered": 88.88888888888889, "percent_statements_covered_display": "89"}, "missing_lines": [191, 192], "excluded_lines": []}, "get_current_user_position_history": {"executed_lines": [222, 223, 224], "summary": {"covered_lines": 3, "num_statements": 3, "percent_covered": 100.0, "percent_covered_display": "100", "missing_lines": 0, "excluded_lines": 0, "percent_statements_covered": 100.0, "percent_statements_covered_display": "100"}, "missing_lines": [], "excluded_lines": []}, "get_all_positions": {"executed_lines": [247, 248, 250, 251, 253, 254, 296, 301], "summary": {"covered_lines": 8, "num_statements": 16, "percent_covered": 50.0, "percent_covered_display": "50", "missing_lines": 8, "excluded_lines": 0, "percent_statements_covered": 50.0, "percent_statements_covered_display": "50"}, "missing_lines": [257, 258, 259, 260, 261, 262, 264, 267], "excluded_lines": []}, "get_all_positions.process_exchange": {"executed_lines": [268, 271, 272, 273, 276, 277, 278, 279, 280, 286, 291, 292], "summary": {"covered_lines": 12, "num_statements": 16, "percent_covered": 75.0, "percent_covered_display": "75", "missing_lines": 4, "excluded_lines": 0, "percent_statements_covered": 75.0, "percent_statements_covered_display": "75"}, "missing_lines": [269, 281, 282, 283], "excluded_lines": []}, "get_position_group": {"executed_lines": [315, 318, 319, 320, 321, 322], "summary": {"covered_lines": 6, "num_statements": 7, "percent_covered": 85.71428571428571, "percent_covered_display": "86", "missing_lines": 1, "excluded_lines": 0, "percent_statements_covered": 85.71428571428571, "percent_statements_covered_display": "86"}, "missing_lines": [316], "excluded_lines": []}, "force_close_position": {"executed_lines": [335, 336, 337, 338, 340, 341, 343, 344, 345, 346, 347, 352, 359, 377, 378, 381, 382, 383], "summary": {"covered_lines": 18, "num_statements": 27, "percent_covered": 66.66666666666667, "percent_covered_display": "67", "missing_lines": 9, "excluded_lines": 0, "percent_statements_covered": 66.66666666666667, "percent_statements_covered_display": "67"}, "missing_lines": [362, 371, 374, 376, 379, 380, 384, 387, 388], "excluded_lines": []}, "sync_position_with_exchange": {"executed_lines": [407, 409, 410, 411, 412, 414, 415, 417, 418, 419, 420, 421, 426, 432, 437, 446, 447, 448, 449, 450, 456], "summary": {"covered_lines": 21, "num_statements": 24, "percent_covered": 87.5, "percent_covered_display": "88", "missing_lines": 3, "excluded_lines": 0, "percent_statements_covered": 87.5, "percent_statements_covered_display": "88"}, "missing_lines": [439, 451, 457], "excluded_lines": []}, "cleanup_stale_orders": {"executed_lines": [475, 477, 478, 479, 480, 482, 483, 484, 485, 486, 487, 488, 493, 499, 504, 512, 513, 514, 515, 516, 522], "summary": {"covered_lines": 21, "num_statements": 24, "percent_covered": 87.5, "percent_covered_display": "88", "missing_lines": 3, "excluded_lines": 0, "percent_statements_covered": 87.5, "percent_statements_covered_display": "88"}, "missing_lines": [506, 517, 523], "excluded_lines": []}, "": {"executed_lines": [1, 2, 3, 4, 5, 6, 7, 8, 10, 11, 12, 13, 14, 15, 16, 17, 18, 19, 20, 21, 23, 24, 26, 53, 54, 55, 84, 133, 134, 135, 204, 205, 206, 231, 232, 233, 303, 304, 305, 324, 325, 326, 391, 392, 393, 460, 461, 462], "summary": {"covered_lines": 48, "num_statements": 48, "percent_covered": 100.0, "percent_covered_display": "100", "missing_lines": 0, "excluded_lines": 0, "percent_statements_covered": 100.0, "percent_statements_covered_display": "100"}, "missing_lines": [], "excluded_lines": []}}, "classes": {"": {"executed_lines": [1, 2, 3, 4, 5, 6, 7, 8, 10, 11, 12, 13, 14, 15, 16, 17, 18, 19, 20, 21, 23, 24, 26, 32, 33, 34, 35, 36, 40, 41, 42, 53, 54, 55, 72, 73, 75, 76, 77, 84, 93, 94, 95, 98, 99, 100, 101, 104, 105, 107, 108, 110, 111, 112, 114, 115, 116, 118, 120, 121, 122, 124, 127, 128, 129, 130, 133, 134, 135, 148, 149, 152, 166, 167, 168, 170, 171, 172, 175, 176, 177, 178, 179, 180, 181, 182, 183, 186, 196, 201, 204, 205, 206, 222, 223, 224, 231, 232, 233, 247, 248, 250, 251, 253, 254, 268, 271, 272, 273, 276, 277, 278, 279, 280, 286, 291, 292, 296, 301, 303, 304, 305, 315, 318, 319, 320, 321, 322, 324, 325, 326, 335, 336, 337, 338, 340, 341, 343, 344, 345, 346, 347, 352, 359, 377, 378, 381, 382, 383, 391, 392, 393, 407, 409, 410, 411, 412, 414, 415, 417, 418, 419, 420, 421, 426, 432, 437, 446, 447, 448, 449, 450, 456, 460, 461, 462, 475, 477, 478, 479, 480, 482, 483, 484, 485, 486, 487, 488, 493, 499, 504, 512, 513, 514, 515, 516, 522], "summary": {"covered_lines": 197, "num_statements": 237, "percent_covered": 83.12236286919831, "percent_covered_display": "83", "missing_lines": 40, "excluded_lines": 0, "percent_statements_covered": 83.12236286919831, "percent_statements_covered_display": "83"}, "missing_lines": [47, 151, 155, 156, 157, 158, 159, 160, 162, 165, 191, 192, 257, 258, 259, 260, 261, 262, 264, 267, 269, 281, 282, 283, 316, 362, 371, 374, 376, 379, 380, 384, 387, 388, 439, 451, 457, 506, 517, 523], "excluded_lines": []}}}, "backend/app/api/queue.py": {"executed_lines": [1, 2, 3, 5, 6, 7, 8, 10, 12, 13, 15, 16, 23, 24, 26, 27, 35, 36, 38, 39, 47, 48, 49, 52, 53, 61, 62, 63, 64, 66, 67, 75, 76, 77, 1651, 1660, 1893, 1910], "summary": {"covered_lines": 34, "num_statements": 36, "percent_covered": 94.44444444444444, "percent_covered_display": "94", "missing_lines": 2, "excluded_lines": 0, "percent_statements_covered": 94.44444444444444, "percent_statements_covered_display": "94"}, "missing_lines": [50, 78], "excluded_lines": [], "functions": {"get_queue_manager_service": {"executed_lines": [13], "summary": {"covered_lines": 1, "num_statements": 1, "percent_covered": 100.0, "percent_covered_display": "100", "missing_lines": 0, "excluded_lines": 0, "percent_statements_covered": 100.0, "percent_statements_covered_display": "100"}, "missing_lines": [], "excluded_lines": []}, "get_all_queued_signals": {"executed_lines": [23, 24], "summary": {"covered_lines": 2, "num_statements": 2, "percent_covered": 100.0, "percent_covered_display": "100", "missing_lines": 0, "excluded_lines": 0, "percent_statements_covered": 100.0, "percent_statements_covered_display": "100"}, "missing_lines": [], "excluded_lines": []}, "get_queue_history": {"executed_lines": [35, 36], "summary": {"covered_lines": 2, "num_statements": 2, "percent_covered": 100.0, "percent_covered_display": "100", "missing_lines": 0, "excluded_lines": 0, "percent_statements_covered": 100.0, "percent_statements_covered_display": "100"}, "missing_lines": [], "excluded_lines": []}, "promote_queued_signal": {"executed_lines": [47, 48, 49], "summary": {"covered_lines": 3, "num_statements": 4, "percent_covered": 75.0, "percent_covered_display": "75", "missing_lines": 1, "excluded_lines": 0, "percent_statements_covered": 75.0, "percent_statements_covered_display": "75"}, "missing_lines": [50], "excluded_lines": []}, "remove_queued_signal": {"executed_lines": [61, 62, 63, 64], "summary": {"covered_lines": 4, "num_statements": 4, "percent_covered": 100.0, "percent_covered_display": "100", "missing_lines": 0, "excluded_lines": 0, "percent_statements_covered": 100.0, "percent_statements_covered_display": "100"}, "missing_lines": [], "excluded_lines": []}, "force_add_to_pool": {"executed_lines": [75, 76, 77], "summary": {"covered_lines": 3, "num_statements": 4, "percent_covered": 75.0, "percent_covered_display": "75", "missing_lines": 1, "excluded_lines": 0, "percent_statements_covered": 75.0, "percent_statements_covered_display": "75"}, "missing_lines": [78], "excluded_lines": []}, "": {"executed_lines": [1, 2, 3, 5, 6, 7, 8, 10, 12, 15, 16, 26, 27, 38, 39, 52, 53, 66, 67], "summary": {"covered_lines": 19, "num_statements": 19, "percent_covered": 100.0, "percent_covered_display": "100", "missing_lines": 0, "excluded_lines": 0, "percent_statements_covered": 100.0, "percent_statements_covered_display": "100"}, "missing_lines": [], "excluded_lines": []}}, "classes": {"": {"executed_lines": [1, 2, 3, 5, 6, 7, 8, 10, 12, 13, 15, 16, 23, 24, 26, 27, 35, 36, 38, 39, 47, 48, 49, 52, 53, 61, 62, 63, 64, 66, 67, 75, 76, 77], "summary": {"covered_lines": 34, "num_statements": 36, "percent_covered": 94.44444444444444, "percent_covered_display": "94", "missing_lines": 2, "excluded_lines": 0, "percent_statements_covered": 94.44444444444444, "percent_statements_covered_display": "94"}, "missing_lines": [50, 78], "excluded_lines": []}}}, "backend/app/api/risk.py": {"executed_lines": [1, 2, 3, 4, 6, 7, 8, 9, 10, 11, 12, 13, 14, 15, 16, 17, 18, 19, 21, 23, 25, 27, 28, 33, 36, 41, 42, 47, 48, 50, 60, 65, 67, 68, 76, 77, 84, 85, 88, 96, 97, 98, 105, 106, 112, 113, 114, 119, 120, 127, 128, 129, 130, 131, 132, 133, 134, 137, 138, 145, 146, 147, 148, 150, 151, 152, 154, 155, 162, 163, 164, 165, 167, 168, 169, 172, 173, 193, 194, 214, 215, 1893, 1910, 1973, 1983, 1985, 1992], "summary": {"covered_lines": 81, "num_statements": 117, "percent_covered": 69.23076923076923, "percent_covered_display": "69", "missing_lines": 36, "excluded_lines": 0, "percent_statements_covered": 69.23076923076923, "percent_statements_covered_display": "69"}, "missing_lines": [29, 30, 34, 37, 43, 44, 45, 86, 87, 90, 115, 116, 117, 149, 166, 184, 185, 186, 187, 188, 189, 190, 205, 206, 207, 208, 209, 210, 211, 225, 226, 227, 228, 229, 230, 231], "excluded_lines": [], "functions": {"create_risk_engine_service": {"executed_lines": [27, 28, 33, 36, 41, 42, 47, 50], "summary": {"covered_lines": 8, "num_statements": 15, "percent_covered": 53.333333333333336, "percent_covered_display": "53", "missing_lines": 7, "excluded_lines": 0, "percent_statements_covered": 53.333333333333336, "percent_statements_covered_display": "53"}, "missing_lines": [29, 30, 34, 37, 43, 44, 45], "excluded_lines": []}, "create_risk_engine_service.session_factory": {"executed_lines": [48], "summary": {"covered_lines": 1, "num_statements": 1, "percent_covered": 100.0, "percent_covered_display": "100", "missing_lines": 0, "excluded_lines": 0, "percent_statements_covered": 100.0, "percent_statements_covered_display": "100"}, "missing_lines": [], "excluded_lines": []}, "get_risk_engine_service": {"executed_lines": [65], "summary": {"covered_lines": 1, "num_statements": 1, "percent_covered": 100.0, "percent_covered_display": "100", "missing_lines": 0, "excluded_lines": 0, "percent_statements_covered": 100.0, "percent_statements_covered_display": "100"}, "missing_lines": [], "excluded_lines": []}, "get_risk_engine_status": {"executed_lines": [76, 77, 84, 85, 88, 96, 97, 98], "summary": {"covered_lines": 8, "num_statements": 11, "percent_covered": 72.72727272727273, "percent_covered_display": "73", "missing_lines": 3, "excluded_lines": 0, "percent_statements_covered": 72.72727272727273, "percent_statements_covered_display": "73"}, "missing_lines": [86, 87, 90], "excluded_lines": []}, "run_risk_evaluation": {"executed_lines": [112, 113, 114], "summary": {"covered_lines": 3, "num_statements": 6, "percent_covered": 50.0, "percent_covered_display": "50", "missing_lines": 3, "excluded_lines": 0, "percent_statements_covered": 50.0, "percent_statements_covered_display": "50"}, "missing_lines": [115, 116, 117], "excluded_lines": []}, "block_risk_for_group": {"executed_lines": [127, 128, 129, 130, 131, 132, 133, 134], "summary": {"covered_lines": 8, "num_statements": 8, "percent_covered": 100.0, "percent_covered_display": "100", "missing_lines": 0, "excluded_lines": 0, "percent_statements_covered": 100.0, "percent_statements_covered_display": "100"}, "missing_lines": [], "excluded_lines": []}, "unblock_risk_for_group": {"executed_lines": [145, 146, 147, 148, 150, 151, 152], "summary": {"covered_lines": 7, "num_statements": 8, "percent_covered": 87.5, "percent_covered_display": "88", "missing_lines": 1, "excluded_lines": 0, "percent_statements_covered": 87.5, "percent_statements_covered_display": "88"}, "missing_lines": [149], "excluded_lines": []}, "skip_next_risk_evaluation": {"executed_lines": [162, 163, 164, 165, 167, 168, 169], "summary": {"covered_lines": 7, "num_statements": 8, "percent_covered": 87.5, "percent_covered_display": "88", "missing_lines": 1, "excluded_lines": 0, "percent_statements_covered": 87.5, "percent_statements_covered_display": "88"}, "missing_lines": [166], "excluded_lines": []}, "force_stop_engine": {"executed_lines": [], "summary": {"covered_lines": 0, "num_statements": 7, "percent_covered": 0.0, "percent_covered_display": "0", "missing_lines": 7, "excluded_lines": 0, "percent_statements_covered": 0.0, "percent_statements_covered_display": "0"}, "missing_lines": [184, 185, 186, 187, 188, 189, 190], "excluded_lines": []}, "force_start_engine": {"executed_lines": [], "summary": {"covered_lines": 0, "num_statements": 7, "percent_covered": 0.0, "percent_covered_display": "0", "missing_lines": 7, "excluded_lines": 0, "percent_statements_covered": 0.0, "percent_statements_covered_display": "0"}, "missing_lines": [205, 206, 207, 208, 209, 210, 211], "excluded_lines": []}, "sync_with_exchange": {"executed_lines": [], "summary": {"covered_lines": 0, "num_statements": 7, "percent_covered": 0.0, "percent_covered_display": "0", "missing_lines": 7, "excluded_lines": 0, "percent_statements_covered": 0.0, "percent_statements_covered_display": "0"}, "missing_lines": [225, 226, 227, 228, 229, 230, 231], "excluded_lines": []}, "": {"executed_lines": [1, 2, 3, 4, 6, 7, 8, 9, 10, 11, 12, 13, 14, 15, 16, 17, 18, 19, 21, 23, 25, 60, 67, 68, 105, 106, 119, 120, 137, 138, 154, 155, 172, 173, 193, 194, 214, 215], "summary": {"covered_lines": 38, "num_statements": 38, "percent_covered": 100.0, "percent_covered_display": "100", "missing_lines": 0, "excluded_lines": 0, "percent_statements_covered": 100.0, "percent_statements_covered_display": "100"}, "missing_lines": [], "excluded_lines": []}}, "classes": {"": {"executed_lines": [1, 2, 3, 4, 6, 7, 8, 9, 10, 11, 12, 13, 14, 15, 16, 17, 18, 19, 21, 23, 25, 27, 28, 33, 36, 41, 42, 47, 48, 50, 60, 65, 67, 68, 76, 77, 84, 85, 88, 96, 97, 98, 105, 106, 112, 113, 114, 119, 120, 127, 128, 129, 130, 131, 132, 133, 134, 137, 138, 145, 146, 147, 148, 150, 151, 152, 154, 155, 162, 163, 164, 165, 167, 168, 169, 172, 173, 193, 194, 214, 215], "summary": {"covered_lines": 81, "num_statements": 117, "percent_covered": 69.23076923076923, "percent_covered_display": "69", "missing_lines": 36, "excluded_lines": 0, "percent_statements_covered": 69.23076923076923, "percent_statements_covered_display": "69"}, "missing_lines": [29, 30, 34, 37, 43, 44, 45, 86, 87, 90, 115, 116, 117, 149, 166, 184, 185, 186, 187, 188, 189, 190, 205, 206, 207, 208, 209, 210, 211, 225, 226, 227, 228, 229, 230, 231], "excluded_lines": []}}}, "backend/app/api/settings.py": {"executed_lines": [1, 2, 3, 5, 6, 7, 8, 9, 10, 11, 12, 14, 16, 17, 18, 25, 27, 28, 29, 38, 39, 40, 49, 52, 56, 57, 58, 61, 62, 63, 64, 65, 67, 68, 70, 72, 74, 75, 77, 78, 79, 80, 81, 85, 87, 88, 90, 91, 92, 93, 95, 97, 100, 101, 104, 105, 106, 115, 117, 119, 120, 122, 123, 124, 126, 127, 129, 1973, 1983, 1985, 1992], "summary": {"covered_lines": 67, "num_statements": 69, "percent_covered": 97.10144927536231, "percent_covered_display": "97", "missing_lines": 2, "excluded_lines": 0, "percent_statements_covered": 97.10144927536231, "percent_statements_covered_display": "97"}, "missing_lines": [36, 102], "excluded_lines": [], "functions": {"get_exchanges": {"executed_lines": [25], "summary": {"covered_lines": 1, "num_statements": 1, "percent_covered": 100.0, "percent_covered_display": "100", "missing_lines": 0, "excluded_lines": 0, "percent_statements_covered": 100.0, "percent_statements_covered_display": "100"}, "missing_lines": [], "excluded_lines": []}, "get_settings": {"executed_lines": [], "summary": {"covered_lines": 0, "num_statements": 1, "percent_covered": 0.0, "percent_covered_display": "0", "missing_lines": 1, "excluded_lines": 0, "percent_statements_covered": 0.0, "percent_statements_covered_display": "0"}, "missing_lines": [36], "excluded_lines": []}, "update_settings": {"executed_lines": [49, 52, 56, 57, 58, 61, 62, 63, 64, 65, 67, 68, 70, 72, 74, 75, 77, 78, 79, 80, 81, 85, 87, 88, 90, 91, 92, 93, 95, 97, 100, 101], "summary": {"covered_lines": 32, "num_statements": 33, "percent_covered": 96.96969696969697, "percent_covered_display": "97", "missing_lines": 1, "excluded_lines": 0, "percent_statements_covered": 96.96969696969697, "percent_statements_covered_display": "97"}, "missing_lines": [102], "excluded_lines": []}, "delete_exchange_key": {"executed_lines": [115, 117, 119, 120, 122, 123, 124, 126, 127, 129], "summary": {"covered_lines": 10, "num_statements": 10, "percent_covered": 100.0, "percent_covered_display": "100", "missing_lines": 0, "excluded_lines": 0, "percent_statements_covered": 100.0, "percent_statements_covered_display": "100"}, "missing_lines": [], "excluded_lines": []}, "": {"executed_lines": [1, 2, 3, 5, 6, 7, 8, 9, 10, 11, 12, 14, 16, 17, 18, 27, 28, 29, 38, 39, 40, 104, 105, 106], "summary": {"covered_lines": 24, "num_statements": 24, "percent_covered": 100.0, "percent_covered_display": "100", "missing_lines": 0, "excluded_lines": 0, "percent_statements_covered": 100.0, "percent_statements_covered_display": "100"}, "missing_lines": [], "excluded_lines": []}}, "classes": {"": {"executed_lines": [1, 2, 3, 5, 6, 7, 8, 9, 10, 11, 12, 14, 16, 17, 18, 25, 27, 28, 29, 38, 39, 40, 49, 52, 56, 57, 58, 61, 62, 63, 64, 65, 67, 68, 70, 72, 74, 75, 77, 78, 79, 80, 81, 85, 87, 88, 90, 91, 92, 93, 95, 97, 100, 101, 104, 105, 106, 115, 117, 119, 120, 122, 123, 124, 126, 127, 129], "summary": {"covered_lines": 67, "num_statements": 69, "percent_covered": 97.10144927536231, "percent_covered_display": "97", "missing_lines": 2, "excluded_lines": 0, "percent_statements_covered": 97.10144927536231, "percent_statements_covered_display": "97"}, "missing_lines": [36, 102], "excluded_lines": []}}}, "backend/app/api/telegram.py": {"executed_lines": [1, 4, 5, 6, 7, 8, 10, 11, 12, 13, 14, 16, 18, 21, 22, 28, 29, 32, 35, 36, 44, 45, 47, 50, 51, 52, 55, 56, 57, 58, 59, 61, 63, 66, 67, 75, 76, 78, 81, 82, 84, 86, 87, 92, 93, 95, 96, 98, 105, 106, 112, 113, 118, 120, 121, 127, 135, 136, 137, 138, 139, 140, 145, 146, 148], "summary": {"covered_lines": 64, "num_statements": 64, "percent_covered": 100.0, "percent_covered_display": "100", "missing_lines": 0, "excluded_lines": 0, "percent_statements_covered": 100.0, "percent_statements_covered_display": "100"}, "missing_lines": [], "excluded_lines": [], "functions": {"get_telegram_config": {"executed_lines": [28, 29, 32], "summary": {"covered_lines": 3, "num_statements": 3, "percent_covered": 100.0, "percent_covered_display": "100", "missing_lines": 0, "excluded_lines": 0, "percent_statements_covered": 100.0, "percent_statements_covered_display": "100"}, "missing_lines": [], "excluded_lines": []}, "update_telegram_config": {"executed_lines": [44, 45, 47, 50, 51, 52, 55, 56, 57, 58, 59, 61, 63], "summary": {"covered_lines": 13, "num_statements": 13, "percent_covered": 100.0, "percent_covered_display": "100", "missing_lines": 0, "excluded_lines": 0, "percent_statements_covered": 100.0, "percent_statements_covered_display": "100"}, "missing_lines": [], "excluded_lines": []}, "test_telegram_connection": {"executed_lines": [75, 76, 78, 81, 82, 84, 86, 87, 92, 93, 95, 96, 98], "summary": {"covered_lines": 13, "num_statements": 13, "percent_covered": 100.0, "percent_covered_display": "100", "missing_lines": 0, "excluded_lines": 0, "percent_statements_covered": 100.0, "percent_statements_covered_display": "100"}, "missing_lines": [], "excluded_lines": []}, "send_test_message": {"executed_lines": [112, 113, 118, 120, 121, 127, 135, 136, 137, 138, 139, 140, 145, 146, 148], "summary": {"covered_lines": 15, "num_statements": 15, "percent_covered": 100.0, "percent_covered_display": "100", "missing_lines": 0, "excluded_lines": 0, "percent_statements_covered": 100.0, "percent_statements_covered_display": "100"}, "missing_lines": [], "excluded_lines": []}, "": {"executed_lines": [1, 4, 5, 6, 7, 8, 10, 11, 12, 13, 14, 16, 18, 21, 22, 35, 36, 66, 67, 105, 106], "summary": {"covered_lines": 20, "num_statements": 20, "percent_covered": 100.0, "percent_covered_display": "100", "missing_lines": 0, "excluded_lines": 0, "percent_statements_covered": 100.0, "percent_statements_covered_display": "100"}, "missing_lines": [], "excluded_lines": []}}, "classes": {"": {"executed_lines": [1, 4, 5, 6, 7, 8, 10, 11, 12, 13, 14, 16, 18, 21, 22, 28, 29, 32, 35, 36, 44, 45, 47, 50, 51, 52, 55, 56, 57, 58, 59, 61, 63, 66, 67, 75, 76, 78, 81, 82, 84, 86, 87, 92, 93, 95, 96, 98, 105, 106, 112, 113, 118, 120, 121, 127, 135, 136, 137, 138, 139, 140, 145, 146, 148], "summary": {"covered_lines": 64, "num_statements": 64, "percent_covered": 100.0, "percent_covered_display": "100", "missing_lines": 0, "excluded_lines": 0, "percent_statements_covered": 100.0, "percent_statements_covered_display": "100"}, "missing_lines": [], "excluded_lines": []}}}, "backend/app/api/users.py": {"executed_lines": [1, 2, 3, 4, 6, 7, 8, 9, 17, 18, 19, 21, 23, 26, 27, 30, 32, 43, 45, 48, 50, 51, 52, 53, 56, 57, 58, 63, 64, 77, 78, 79, 85, 86, 95, 102, 103, 110, 112, 114, 115, 117, 118, 119, 121, 122, 123, 125, 128, 129, 1973, 1983, 1985, 1992], "summary": {"covered_lines": 49, "num_statements": 62, "percent_covered": 79.03225806451613, "percent_covered_display": "79", "missing_lines": 13, "excluded_lines": 0, "percent_statements_covered": 79.03225806451613, "percent_statements_covered_display": "79"}, "missing_lines": [65, 66, 68, 69, 70, 72, 73, 74, 87, 88, 93, 96, 99], "excluded_lines": [], "functions": {"set_auth_cookie": {"executed_lines": [32], "summary": {"covered_lines": 1, "num_statements": 1, "percent_covered": 100.0, "percent_covered_display": "100", "missing_lines": 0, "excluded_lines": 0, "percent_statements_covered": 100.0, "percent_statements_covered_display": "100"}, "missing_lines": [], "excluded_lines": []}, "clear_auth_cookie": {"executed_lines": [45], "summary": {"covered_lines": 1, "num_statements": 1, "percent_covered": 100.0, "percent_covered_display": "100", "missing_lines": 0, "excluded_lines": 0, "percent_statements_covered": 100.0, "percent_statements_covered_display": "100"}, "missing_lines": [], "excluded_lines": []}, "get_token_from_cookie": {"executed_lines": [50, 51, 52, 53], "summary": {"covered_lines": 4, "num_statements": 4, "percent_covered": 100.0, "percent_covered_display": "100", "missing_lines": 0, "excluded_lines": 0, "percent_statements_covered": 100.0, "percent_statements_covered_display": "100"}, "missing_lines": [], "excluded_lines": []}, "register_user": {"executed_lines": [63, 64], "summary": {"covered_lines": 2, "num_statements": 10, "percent_covered": 20.0, "percent_covered_display": "20", "missing_lines": 8, "excluded_lines": 0, "percent_statements_covered": 20.0, "percent_statements_covered_display": "20"}, "missing_lines": [65, 66, 68, 69, 70, 72, 73, 74], "excluded_lines": []}, "login_for_access_token": {"executed_lines": [85, 86, 95], "summary": {"covered_lines": 2, "num_statements": 7, "percent_covered": 28.571428571428573, "percent_covered_display": "29", "missing_lines": 5, "excluded_lines": 0, "percent_statements_covered": 28.571428571428573, "percent_statements_covered_display": "29"}, "missing_lines": [87, 88, 93, 96, 99], "excluded_lines": []}, "logout": {"executed_lines": [110, 112, 114, 115, 117, 118, 119, 121, 122, 123, 125, 128, 129], "summary": {"covered_lines": 13, "num_statements": 13, "percent_covered": 100.0, "percent_covered_display": "100", "missing_lines": 0, "excluded_lines": 0, "percent_statements_covered": 100.0, "percent_statements_covered_display": "100"}, "missing_lines": [], "excluded_lines": []}, "": {"executed_lines": [1, 2, 3, 4, 6, 7, 8, 9, 17, 18, 19, 21, 23, 26, 27, 30, 43, 48, 56, 57, 58, 77, 78, 79, 102, 103], "summary": {"covered_lines": 26, "num_statements": 26, "percent_covered": 100.0, "percent_covered_display": "100", "missing_lines": 0, "excluded_lines": 0, "percent_statements_covered": 100.0, "percent_statements_covered_display": "100"}, "missing_lines": [], "excluded_lines": []}}, "classes": {"": {"executed_lines": [1, 2, 3, 4, 6, 7, 8, 9, 17, 18, 19, 21, 23, 26, 27, 30, 32, 43, 45, 48, 50, 51, 52, 53, 56, 57, 58, 63, 64, 77, 78, 79, 85, 86, 95, 102, 103, 110, 112, 114, 115, 117, 118, 119, 121, 122, 123, 125, 128, 129], "summary": {"covered_lines": 49, "num_statements": 62, "percent_covered": 79.03225806451613, "percent_covered_display": "79", "missing_lines": 13, "excluded_lines": 0, "percent_statements_covered": 79.03225806451613, "percent_statements_covered_display": "79"}, "missing_lines": [65, 66, 68, 69, 70, 72, 73, 74, 87, 88, 93, 96, 99], "excluded_lines": []}}}, "backend/app/api/webhooks.py": {"executed_lines": [1, 2, 3, 4, 5, 6, 8, 9, 10, 11, 12, 13, 15, 17, 20, 23, 24, 37, 38, 39, 40, 41, 45, 46, 48, 61, 63, 64, 67, 68, 70, 76, 81, 83, 84, 86, 90, 91, 93, 94, 95, 96, 97, 98, 101, 102, 103, 104, 105, 107, 109, 117, 296, 297, 298, 299, 300, 301, 302, 775, 913, 915, 916, 917, 918, 919, 920, 921, 922, 923, 924, 925, 926, 927, 928, 929, 930, 931, 932, 933, 934, 935, 936, 937, 941, 942, 997, 1140, 1146, 1147, 1148, 1149, 1150, 1151, 1152, 1153, 1154, 1155, 1156, 1158, 1159, 1160, 1161, 1162, 1163, 1164, 1165, 1167, 1183, 1184, 1185, 1187, 1188, 1189, 1191, 1192, 1193, 1194, 1195, 1196, 1197, 1198, 1199, 1200, 1201, 1202, 1270, 1651, 1660, 1893, 1894, 1895, 1897, 1909, 1910, 2203, 2206, 2729, 2732, 2737, 2744, 2745], "summary": {"covered_lines": 38, "num_statements": 42, "percent_covered": 90.47619047619048, "percent_covered_display": "90", "missing_lines": 4, "excluded_lines": 0, "percent_statements_covered": 90.47619047619048, "percent_statements_covered_display": "90"}, "missing_lines": [49, 53, 71, 92], "excluded_lines": [], "functions": {"tradingview_webhook": {"executed_lines": [37, 38, 39, 40, 41, 45, 46, 48, 61, 63, 64, 67, 68, 70, 76, 81, 83, 84, 86, 90, 91], "summary": {"covered_lines": 21, "num_statements": 25, "percent_covered": 84.0, "percent_covered_display": "84", "missing_lines": 4, "excluded_lines": 0, "percent_statements_covered": 84.0, "percent_statements_covered_display": "84"}, "missing_lines": [49, 53, 71, 92], "excluded_lines": []}, "": {"executed_lines": [1, 2, 3, 4, 5, 6, 8, 9, 10, 11, 12, 13, 15, 17, 20, 23, 24], "summary": {"covered_lines": 17, "num_statements": 17, "percent_covered": 100.0, "percent_covered_display": "100", "missing_lines": 0, "excluded_lines": 0, "percent_statements_covered": 100.0, "percent_statements_covered_display": "100"}, "missing_lines": [], "excluded_lines": []}}, "classes": {"": {"executed_lines": [1, 2, 3, 4, 5, 6, 8, 9, 10, 11, 12, 13, 15, 17, 20, 23, 24, 37, 38, 39, 40, 41, 45, 46, 48, 61, 63, 64, 67, 68, 70, 76, 81, 83, 84, 86, 90, 91], "summary": {"covered_lines": 38, "num_statements": 42, "percent_covered": 90.47619047619048, "percent_covered_display": "90", "missing_lines": 4, "excluded_lines": 0, "percent_statements_covered": 90.47619047619048, "percent_statements_covered_display": "90"}, "missing_lines": [49, 53, 71, 92], "excluded_lines": []}}}, "backend/app/core/cache.py": {"executed_lines": [1, 8, 9, 10, 11, 12, 14, 16, 19, 20, 21, 22, 23, 27, 29, 30, 31, 33, 34, 35, 36, 37, 40, 41, 47, 48, 49, 50, 51, 52, 55, 56, 57, 58, 59, 60, 61, 62, 63, 65, 66, 67, 68, 70, 75, 76, 78, 79, 81, 82, 90, 91, 92, 93, 94, 95, 96, 97, 98, 100, 102, 103, 104, 106, 108, 110, 112, 113, 115, 116, 117, 118, 119, 120, 121, 122, 124, 126, 127, 129, 130, 131, 132, 133, 134, 135, 137, 139, 140, 142, 143, 144, 145, 146, 147, 149, 151, 152, 154, 155, 156, 157, 158, 159, 160, 161, 162, 163, 167, 169, 170, 172, 174, 175, 177, 182, 183, 185, 190, 191, 192, 197, 199, 200, 202, 204, 205, 207, 209, 210, 214, 216, 217, 219, 221, 222, 226, 228, 229, 231, 233, 234, 236, 238, 239, 243, 251, 252, 254, 263, 264, 266, 268, 269, 273, 281, 282, 284, 285, 286, 287, 288, 289, 290, 292, 294, 295, 297, 298, 299, 300, 301, 302, 303, 307, 324, 325, 327, 328, 330, 331, 332, 333, 334, 336, 347, 348, 350, 351, 353, 360, 361, 362, 363, 364, 368, 382, 383, 385, 386, 387, 388, 394, 395, 396, 397, 398, 400, 402, 403, 405, 406, 407, 408, 409, 411, 412, 413, 415, 417, 418, 420, 421, 422, 423, 424, 425, 426, 427, 428, 429, 430, 431, 435, 438, 441, 442, 443, 444, 447], "summary": {"covered_lines": 237, "num_statements": 243, "percent_covered": 97.53086419753086, "percent_covered_display": "98", "missing_lines": 6, "excluded_lines": 0, "percent_statements_covered": 97.53086419753086, "percent_statements_covered_display": "98"}, "missing_lines": [24, 193, 410, 450, 451, 452], "excluded_lines": [], "functions": {"DecimalEncoder.default": {"executed_lines": [22, 23], "summary": {"covered_lines": 2, "num_statements": 3, "percent_covered": 66.66666666666667, "percent_covered_display": "67", "missing_lines": 1, "excluded_lines": 0, "percent_statements_covered": 66.66666666666667, "percent_statements_covered_display": "67"}, "missing_lines": [24], "excluded_lines": []}, "decimal_decoder": {"executed_lines": [29, 30, 31, 33, 34, 35, 36, 37], "summary": {"covered_lines": 8, "num_statements": 8, "percent_covered": 100.0, "percent_covered_display": "100", "missing_lines": 0, "excluded_lines": 0, "percent_statements_covered": 100.0, "percent_statements_covered_display": "100"}, "missing_lines": [], "excluded_lines": []}, "CacheService.__init__": {"executed_lines": [66, 67, 68], "summary": {"covered_lines": 3, "num_statements": 3, "percent_covered": 100.0, "percent_covered_display": "100", "missing_lines": 0, "excluded_lines": 0, "percent_statements_covered": 100.0, "percent_statements_covered_display": "100"}, "missing_lines": [], "excluded_lines": []}, "CacheService.connect": {"executed_lines": [75, 76, 78, 79, 81, 82, 90, 91, 92, 93, 94, 95, 96, 97, 98], "summary": {"covered_lines": 15, "num_statements": 15, "percent_covered": 100.0, "percent_covered_display": "100", "missing_lines": 0, "excluded_lines": 0, "percent_statements_covered": 100.0, "percent_statements_covered_display": "100"}, "missing_lines": [], "excluded_lines": []}, "CacheService.close": {"executed_lines": [102, 103, 104], "summary": {"covered_lines": 3, "num_statements": 3, "percent_covered": 100.0, "percent_covered_display": "100", "missing_lines": 0, "excluded_lines": 0, "percent_statements_covered": 100.0, "percent_statements_covered_display": "100"}, "missing_lines": [], "excluded_lines": []}, "CacheService._make_key": {"executed_lines": [108], "summary": {"covered_lines": 1, "num_statements": 1, "percent_covered": 100.0, "percent_covered_display": "100", "missing_lines": 0, "excluded_lines": 0, "percent_statements_covered": 100.0, "percent_statements_covered_display": "100"}, "missing_lines": [], "excluded_lines": []}, "CacheService.get": {"executed_lines": [112, 113, 115, 116, 117, 118, 119, 120, 121, 122], "summary": {"covered_lines": 10, "num_statements": 10, "percent_covered": 100.0, "percent_covered_display": "100", "missing_lines": 0, "excluded_lines": 0, "percent_statements_covered": 100.0, "percent_statements_covered_display": "100"}, "missing_lines": [], "excluded_lines": []}, "CacheService.set": {"executed_lines": [126, 127, 129, 130, 131, 132, 133, 134, 135], "summary": {"covered_lines": 9, "num_statements": 9, "percent_covered": 100.0, "percent_covered_display": "100", "missing_lines": 0, "excluded_lines": 0, "percent_statements_covered": 100.0, "percent_statements_covered_display": "100"}, "missing_lines": [], "excluded_lines": []}, "CacheService.delete": {"executed_lines": [139, 140, 142, 143, 144, 145, 146, 147], "summary": {"covered_lines": 8, "num_statements": 8, "percent_covered": 100.0, "percent_covered_display": "100", "missing_lines": 0, "excluded_lines": 0, "percent_statements_covered": 100.0, "percent_statements_covered_display": "100"}, "missing_lines": [], "excluded_lines": []}, "CacheService.delete_pattern": {"executed_lines": [151, 152, 154, 155, 156, 157, 158, 159, 160, 161, 162, 163], "summary": {"covered_lines": 12, "num_statements": 12, "percent_covered": 100.0, "percent_covered_display": "100", "missing_lines": 0, "excluded_lines": 0, "percent_statements_covered": 100.0, "percent_statements_covered_display": "100"}, "missing_lines": [], "excluded_lines": []}, "CacheService.get_precision_rules": {"executed_lines": [169, 170], "summary": {"covered_lines": 2, "num_statements": 2, "percent_covered": 100.0, "percent_covered_display": "100", "missing_lines": 0, "excluded_lines": 0, "percent_statements_covered": 100.0, "percent_statements_covered_display": "100"}, "missing_lines": [], "excluded_lines": []}, "CacheService.set_precision_rules": {"executed_lines": [174, 175], "summary": {"covered_lines": 2, "num_statements": 2, "percent_covered": 100.0, "percent_covered_display": "100", "missing_lines": 0, "excluded_lines": 0, "percent_statements_covered": 100.0, "percent_statements_covered_display": "100"}, "missing_lines": [], "excluded_lines": []}, "CacheService.invalidate_precision_rules": {"executed_lines": [182, 183], "summary": {"covered_lines": 2, "num_statements": 2, "percent_covered": 100.0, "percent_covered_display": "100", "missing_lines": 0, "excluded_lines": 0, "percent_statements_covered": 100.0, "percent_statements_covered_display": "100"}, "missing_lines": [], "excluded_lines": []}, "CacheService.get_symbol_precision": {"executed_lines": [190, 191, 192], "summary": {"covered_lines": 3, "num_statements": 4, "percent_covered": 75.0, "percent_covered_display": "75", "missing_lines": 1, "excluded_lines": 0, "percent_statements_covered": 75.0, "percent_statements_covered_display": "75"}, "missing_lines": [193], "excluded_lines": []}, "CacheService.get_balance": {"executed_lines": [199, 200], "summary": {"covered_lines": 2, "num_statements": 2, "percent_covered": 100.0, "percent_covered_display": "100", "missing_lines": 0, "excluded_lines": 0, "percent_statements_covered": 100.0, "percent_statements_covered_display": "100"}, "missing_lines": [], "excluded_lines": []}, "CacheService.set_balance": {"executed_lines": [204, 205], "summary": {"covered_lines": 2, "num_statements": 2, "percent_covered": 100.0, "percent_covered_display": "100", "missing_lines": 0, "excluded_lines": 0, "percent_statements_covered": 100.0, "percent_statements_covered_display": "100"}, "missing_lines": [], "excluded_lines": []}, "CacheService.invalidate_user_balances": {"executed_lines": [209, 210], "summary": {"covered_lines": 2, "num_statements": 2, "percent_covered": 100.0, "percent_covered_display": "100", "missing_lines": 0, "excluded_lines": 0, "percent_statements_covered": 100.0, "percent_statements_covered_display": "100"}, "missing_lines": [], "excluded_lines": []}, "CacheService.get_tickers": {"executed_lines": [216, 217], "summary": {"covered_lines": 2, "num_statements": 2, "percent_covered": 100.0, "percent_covered_display": "100", "missing_lines": 0, "excluded_lines": 0, "percent_statements_covered": 100.0, "percent_statements_covered_display": "100"}, "missing_lines": [], "excluded_lines": []}, "CacheService.set_tickers": {"executed_lines": [221, 222], "summary": {"covered_lines": 2, "num_statements": 2, "percent_covered": 100.0, "percent_covered_display": "100", "missing_lines": 0, "excluded_lines": 0, "percent_statements_covered": 100.0, "percent_statements_covered_display": "100"}, "missing_lines": [], "excluded_lines": []}, "CacheService.get_dashboard": {"executed_lines": [228, 229], "summary": {"covered_lines": 2, "num_statements": 2, "percent_covered": 100.0, "percent_covered_display": "100", "missing_lines": 0, "excluded_lines": 0, "percent_statements_covered": 100.0, "percent_statements_covered_display": "100"}, "missing_lines": [], "excluded_lines": []}, "CacheService.set_dashboard": {"executed_lines": [233, 234], "summary": {"covered_lines": 2, "num_statements": 2, "percent_covered": 100.0, "percent_covered_display": "100", "missing_lines": 0, "excluded_lines": 0, "percent_statements_covered": 100.0, "percent_statements_covered_display": "100"}, "missing_lines": [], "excluded_lines": []}, "CacheService.invalidate_user_dashboard": {"executed_lines": [238, 239], "summary": {"covered_lines": 2, "num_statements": 2, "percent_covered": 100.0, "percent_covered_display": "100", "missing_lines": 0, "excluded_lines": 0, "percent_statements_covered": 100.0, "percent_statements_covered_display": "100"}, "missing_lines": [], "excluded_lines": []}, "CacheService.get_dca_config": {"executed_lines": [251, 252], "summary": {"covered_lines": 2, "num_statements": 2, "percent_covered": 100.0, "percent_covered_display": "100", "missing_lines": 0, "excluded_lines": 0, "percent_statements_covered": 100.0, "percent_statements_covered_display": "100"}, "missing_lines": [], "excluded_lines": []}, "CacheService.set_dca_config": {"executed_lines": [263, 264], "summary": {"covered_lines": 2, "num_statements": 2, "percent_covered": 100.0, "percent_covered_display": "100", "missing_lines": 0, "excluded_lines": 0, "percent_statements_covered": 100.0, "percent_statements_covered_display": "100"}, "missing_lines": [], "excluded_lines": []}, "CacheService.invalidate_user_dca_configs": {"executed_lines": [268, 269], "summary": {"covered_lines": 2, "num_statements": 2, "percent_covered": 100.0, "percent_covered_display": "100", "missing_lines": 0, "excluded_lines": 0, "percent_statements_covered": 100.0, "percent_statements_covered_display": "100"}, "missing_lines": [], "excluded_lines": []}, "CacheService.blacklist_token": {"executed_lines": [281, 282, 284, 285, 286, 287, 288, 289, 290], "summary": {"covered_lines": 9, "num_statements": 9, "percent_covered": 100.0, "percent_covered_display": "100", "missing_lines": 0, "excluded_lines": 0, "percent_statements_covered": 100.0, "percent_statements_covered_display": "100"}, "missing_lines": [], "excluded_lines": []}, "CacheService.is_token_blacklisted": {"executed_lines": [294, 295, 297, 298, 299, 300, 301, 302, 303], "summary": {"covered_lines": 9, "num_statements": 9, "percent_covered": 100.0, "percent_covered_display": "100", "missing_lines": 0, "excluded_lines": 0, "percent_statements_covered": 100.0, "percent_statements_covered_display": "100"}, "missing_lines": [], "excluded_lines": []}, "CacheService.acquire_lock": {"executed_lines": [324, 325, 327, 328, 330, 331, 332, 333, 334], "summary": {"covered_lines": 9, "num_statements": 9, "percent_covered": 100.0, "percent_covered_display": "100", "missing_lines": 0, "excluded_lines": 0, "percent_statements_covered": 100.0, "percent_statements_covered_display": "100"}, "missing_lines": [], "excluded_lines": []}, "CacheService.release_lock": {"executed_lines": [347, 348, 350, 351, 353, 360, 361, 362, 363, 364], "summary": {"covered_lines": 10, "num_statements": 10, "percent_covered": 100.0, "percent_covered_display": "100", "missing_lines": 0, "excluded_lines": 0, "percent_statements_covered": 100.0, "percent_statements_covered_display": "100"}, "missing_lines": [], "excluded_lines": []}, "CacheService.update_service_health": {"executed_lines": [382, 383, 385, 386, 387, 388, 394, 395, 396, 397, 398], "summary": {"covered_lines": 11, "num_statements": 11, "percent_covered": 100.0, "percent_covered_display": "100", "missing_lines": 0, "excluded_lines": 0, "percent_statements_covered": 100.0, "percent_statements_covered_display": "100"}, "missing_lines": [], "excluded_lines": []}, "CacheService.get_service_health": {"executed_lines": [402, 403, 405, 406, 407, 408, 409, 411, 412, 413], "summary": {"covered_lines": 10, "num_statements": 11, "percent_covered": 90.9090909090909, "percent_covered_display": "91", "missing_lines": 1, "excluded_lines": 0, "percent_statements_covered": 90.9090909090909, "percent_statements_covered_display": "91"}, "missing_lines": [410], "excluded_lines": []}, "CacheService.get_all_services_health": {"executed_lines": [417, 418, 420, 421, 422, 423, 424, 425, 426, 427, 428, 429, 430, 431], "summary": {"covered_lines": 14, "num_statements": 14, "percent_covered": 100.0, "percent_covered_display": "100", "missing_lines": 0, "excluded_lines": 0, "percent_statements_covered": 100.0, "percent_statements_covered_display": "100"}, "missing_lines": [], "excluded_lines": []}, "get_cache": {"executed_lines": [441, 442, 443, 444], "summary": {"covered_lines": 4, "num_statements": 4, "percent_covered": 100.0, "percent_covered_display": "100", "missing_lines": 0, "excluded_lines": 0, "percent_statements_covered": 100.0, "percent_statements_covered_display": "100"}, "missing_lines": [], "excluded_lines": []}, "close_cache": {"executed_lines": [], "summary": {"covered_lines": 0, "num_statements": 3, "percent_covered": 0.0, "percent_covered_display": "0", "missing_lines": 3, "excluded_lines": 0, "percent_statements_covered": 0.0, "percent_statements_covered_display": "0"}, "missing_lines": [450, 451, 452], "excluded_lines": []}, "": {"executed_lines": [1, 8, 9, 10, 11, 12, 14, 16, 19, 20, 21, 27, 40, 41, 47, 48, 49, 50, 51, 52, 55, 56, 57, 58, 59, 60, 61, 62, 63, 65, 70, 100, 106, 110, 124, 137, 149, 167, 172, 177, 185, 197, 202, 207, 214, 219, 226, 231, 236, 243, 254, 266, 273, 292, 307, 336, 368, 400, 415, 435, 438, 447], "summary": {"covered_lines": 59, "num_statements": 59, "percent_covered": 100.0, "percent_covered_display": "100", "missing_lines": 0, "excluded_lines": 0, "percent_statements_covered": 100.0, "percent_statements_covered_display": "100"}, "missing_lines": [], "excluded_lines": []}}, "classes": {"DecimalEncoder": {"executed_lines": [22, 23], "summary": {"covered_lines": 2, "num_statements": 3, "percent_covered": 66.66666666666667, "percent_covered_display": "67", "missing_lines": 1, "excluded_lines": 0, "percent_statements_covered": 66.66666666666667, "percent_statements_covered_display": "67"}, "missing_lines": [24], "excluded_lines": []}, "CacheService": {"executed_lines": [66, 67, 68, 75, 76, 78, 79, 81, 82, 90, 91, 92, 93, 94, 95, 96, 97, 98, 102, 103, 104, 108, 112, 113, 115, 116, 117, 118, 119, 120, 121, 122, 126, 127, 129, 130, 131, 132, 133, 134, 135, 139, 140, 142, 143, 144, 145, 146, 147, 151, 152, 154, 155, 156, 157, 158, 159, 160, 161, 162, 163, 169, 170, 174, 175, 182, 183, 190, 191, 192, 199, 200, 204, 205, 209, 210, 216, 217, 221, 222, 228, 229, 233, 234, 238, 239, 251, 252, 263, 264, 268, 269, 281, 282, 284, 285, 286, 287, 288, 289, 290, 294, 295, 297, 298, 299, 300, 301, 302, 303, 324, 325, 327, 328, 330, 331, 332, 333, 334, 347, 348, 350, 351, 353, 360, 361, 362, 363, 364, 382, 383, 385, 386, 387, 388, 394, 395, 396, 397, 398, 402, 403, 405, 406, 407, 408, 409, 411, 412, 413, 417, 418, 420, 421, 422, 423, 424, 425, 426, 427, 428, 429, 430, 431], "summary": {"covered_lines": 164, "num_statements": 166, "percent_covered": 98.79518072289157, "percent_covered_display": "99", "missing_lines": 2, "excluded_lines": 0, "percent_statements_covered": 98.79518072289157, "percent_statements_covered_display": "99"}, "missing_lines": [193, 410], "excluded_lines": []}, "": {"executed_lines": [1, 8, 9, 10, 11, 12, 14, 16, 19, 20, 21, 27, 29, 30, 31, 33, 34, 35, 36, 37, 40, 41, 47, 48, 49, 50, 51, 52, 55, 56, 57, 58, 59, 60, 61, 62, 63, 65, 70, 100, 106, 110, 124, 137, 149, 167, 172, 177, 185, 197, 202, 207, 214, 219, 226, 231, 236, 243, 254, 266, 273, 292, 307, 336, 368, 400, 415, 435, 438, 441, 442, 443, 444, 447], "summary": {"covered_lines": 71, "num_statements": 74, "percent_covered": 95.94594594594595, "percent_covered_display": "96", "missing_lines": 3, "excluded_lines": 0, "percent_statements_covered": 95.94594594594595, "percent_statements_covered_display": "96"}, "missing_lines": [450, 451, 452], "excluded_lines": []}}}, "backend/app/core/config.py": {"executed_lines": [1, 2, 3, 5, 6, 7, 8, 9, 10, 11, 12, 14, 15, 16, 17, 18, 19, 20, 21, 23, 24, 27, 28, 31, 32, 34, 36, 39, 42, 55, 57, 58], "summary": {"covered_lines": 32, "num_statements": 45, "percent_covered": 71.11111111111111, "percent_covered_display": "71", "missing_lines": 13, "excluded_lines": 0, "percent_statements_covered": 71.11111111111111, "percent_statements_covered_display": "71"}, "missing_lines": [33, 35, 37, 40, 59, 60, 63, 64, 65, 67, 76, 77, 78], "excluded_lines": [], "functions": {"Settings.load_from_env": {"executed_lines": [16, 17, 18, 19, 20, 21, 23, 24, 27, 28, 31, 32, 34, 36, 39, 42], "summary": {"covered_lines": 16, "num_statements": 20, "percent_covered": 80.0, "percent_covered_display": "80", "missing_lines": 4, "excluded_lines": 0, "percent_statements_covered": 80.0, "percent_statements_covered_display": "80"}, "missing_lines": [33, 35, 37, 40], "excluded_lines": []}, "": {"executed_lines": [1, 2, 3, 5, 6, 7, 8, 9, 10, 11, 12, 14, 15, 55, 57, 58], "summary": {"covered_lines": 16, "num_statements": 25, "percent_covered": 64.0, "percent_covered_display": "64", "missing_lines": 9, "excluded_lines": 0, "percent_statements_covered": 64.0, "percent_statements_covered_display": "64"}, "missing_lines": [59, 60, 63, 64, 65, 67, 76, 77, 78], "excluded_lines": []}}, "classes": {"Settings": {"executed_lines": [16, 17, 18, 19, 20, 21, 23, 24, 27, 28, 31, 32, 34, 36, 39, 42], "summary": {"covered_lines": 16, "num_statements": 20, "percent_covered": 80.0, "percent_covered_display": "80", "missing_lines": 4, "excluded_lines": 0, "percent_statements_covered": 80.0, "percent_statements_covered_display": "80"}, "missing_lines": [33, 35, 37, 40], "excluded_lines": []}, "": {"executed_lines": [1, 2, 3, 5, 6, 7, 8, 9, 10, 11, 12, 14, 15, 55, 57, 58], "summary": {"covered_lines": 16, "num_statements": 25, "percent_covered": 64.0, "percent_covered_display": "64", "missing_lines": 9, "excluded_lines": 0, "percent_statements_covered": 64.0, "percent_statements_covered_display": "64"}, "missing_lines": [59, 60, 63, 64, 65, 67, 76, 77, 78], "excluded_lines": []}}}, "backend/app/core/logging_config.py": {"executed_lines": [1, 2, 3, 4, 5, 6, 8, 9, 12, 13, 14, 22, 23, 24, 26, 27, 28, 30, 31, 33, 38, 39, 40, 43, 48, 51, 52, 53, 57, 60, 61, 64, 65, 66, 69, 71, 72, 77, 78, 79, 80, 81, 82, 84], "summary": {"covered_lines": 43, "num_statements": 43, "percent_covered": 100.0, "percent_covered_display": "100", "missing_lines": 0, "excluded_lines": 0, "percent_statements_covered": 100.0, "percent_statements_covered_display": "100"}, "missing_lines": [], "excluded_lines": [], "functions": {"SensitiveDataFilter.__init__": {"executed_lines": [13, 14], "summary": {"covered_lines": 2, "num_statements": 2, "percent_covered": 100.0, "percent_covered_display": "100", "missing_lines": 0, "excluded_lines": 0, "percent_statements_covered": 100.0, "percent_statements_covered_display": "100"}, "missing_lines": [], "excluded_lines": []}, "SensitiveDataFilter.filter": {"executed_lines": [23, 24, 26, 27, 28, 30, 31], "summary": {"covered_lines": 7, "num_statements": 7, "percent_covered": 100.0, "percent_covered_display": "100", "missing_lines": 0, "excluded_lines": 0, "percent_statements_covered": 100.0, "percent_statements_covered_display": "100"}, "missing_lines": [], "excluded_lines": []}, "setup_logging": {"executed_lines": [38, 39, 40, 43, 48, 51, 52, 53, 57, 60, 61, 64, 65, 66, 69, 71, 72, 77, 78, 79, 80, 81, 82, 84], "summary": {"covered_lines": 24, "num_statements": 24, "percent_covered": 100.0, "percent_covered_display": "100", "missing_lines": 0, "excluded_lines": 0, "percent_statements_covered": 100.0, "percent_statements_covered_display": "100"}, "missing_lines": [], "excluded_lines": []}, "": {"executed_lines": [1, 2, 3, 4, 5, 6, 8, 9, 12, 22, 33], "summary": {"covered_lines": 10, "num_statements": 10, "percent_covered": 100.0, "percent_covered_display": "100", "missing_lines": 0, "excluded_lines": 0, "percent_statements_covered": 100.0, "percent_statements_covered_display": "100"}, "missing_lines": [], "excluded_lines": []}}, "classes": {"SensitiveDataFilter": {"executed_lines": [13, 14, 23, 24, 26, 27, 28, 30, 31], "summary": {"covered_lines": 9, "num_statements": 9, "percent_covered": 100.0, "percent_covered_display": "100", "missing_lines": 0, "excluded_lines": 0, "percent_statements_covered": 100.0, "percent_statements_covered_display": "100"}, "missing_lines": [], "excluded_lines": []}, "": {"executed_lines": [1, 2, 3, 4, 5, 6, 8, 9, 12, 22, 33, 38, 39, 40, 43, 48, 51, 52, 53, 57, 60, 61, 64, 65, 66, 69, 71, 72, 77, 78, 79, 80, 81, 82, 84], "summary": {"covered_lines": 34, "num_statements": 34, "percent_covered": 100.0, "percent_covered_display": "100", "missing_lines": 0, "excluded_lines": 0, "percent_statements_covered": 100.0, "percent_statements_covered_display": "100"}, "missing_lines": [], "excluded_lines": []}}}, "backend/app/core/security.py": {"executed_lines": [1, 2, 3, 4, 5, 6, 7, 9, 10, 12, 15, 16, 17, 19, 20, 22, 23, 25, 32, 34, 38, 39, 42, 44, 50, 52, 55, 62, 63, 64, 69, 71, 72, 73, 77, 79, 80, 81, 82, 83, 88, 90, 92, 94, 95, 96, 97, 99, 101, 102, 103, 110, 111, 112], "summary": {"covered_lines": 54, "num_statements": 64, "percent_covered": 84.375, "percent_covered_display": "84", "missing_lines": 10, "excluded_lines": 0, "percent_statements_covered": 84.375, "percent_statements_covered_display": "84"}, "missing_lines": [35, 36, 65, 66, 74, 84, 104, 105, 106, 108], "excluded_lines": [], "functions": {"verify_password": {"executed_lines": [20], "summary": {"covered_lines": 1, "num_statements": 1, "percent_covered": 100.0, "percent_covered_display": "100", "missing_lines": 0, "excluded_lines": 0, "percent_statements_covered": 100.0, "percent_statements_covered_display": "100"}, "missing_lines": [], "excluded_lines": []}, "get_password_hash": {"executed_lines": [23], "summary": {"covered_lines": 1, "num_statements": 1, "percent_covered": 100.0, "percent_covered_display": "100", "missing_lines": 0, "excluded_lines": 0, "percent_statements_covered": 100.0, "percent_statements_covered_display": "100"}, "missing_lines": [], "excluded_lines": []}, "create_access_token": {"executed_lines": [32, 34, 38, 39, 42, 44, 50, 52], "summary": {"covered_lines": 8, "num_statements": 10, "percent_covered": 80.0, "percent_covered_display": "80", "missing_lines": 2, "excluded_lines": 0, "percent_statements_covered": 80.0, "percent_statements_covered_display": "80"}, "missing_lines": [35, 36], "excluded_lines": []}, "decode_token": {"executed_lines": [62, 63, 64], "summary": {"covered_lines": 3, "num_statements": 5, "percent_covered": 60.0, "percent_covered_display": "60", "missing_lines": 2, "excluded_lines": 0, "percent_statements_covered": 60.0, "percent_statements_covered_display": "60"}, "missing_lines": [65, 66], "excluded_lines": []}, "get_token_jti": {"executed_lines": [71, 72, 73], "summary": {"covered_lines": 3, "num_statements": 4, "percent_covered": 75.0, "percent_covered_display": "75", "missing_lines": 1, "excluded_lines": 0, "percent_statements_covered": 75.0, "percent_statements_covered_display": "75"}, "missing_lines": [74], "excluded_lines": []}, "get_token_expiry_seconds": {"executed_lines": [79, 80, 81, 82, 83], "summary": {"covered_lines": 5, "num_statements": 6, "percent_covered": 83.33333333333333, "percent_covered_display": "83", "missing_lines": 1, "excluded_lines": 0, "percent_statements_covered": 83.33333333333333, "percent_statements_covered_display": "83"}, "missing_lines": [84], "excluded_lines": []}, "EncryptionService.__init__": {"executed_lines": [92], "summary": {"covered_lines": 1, "num_statements": 1, "percent_covered": 100.0, "percent_covered_display": "100", "missing_lines": 0, "excluded_lines": 0, "percent_statements_covered": 100.0, "percent_statements_covered_display": "100"}, "missing_lines": [], "excluded_lines": []}, "EncryptionService.encrypt_keys": {"executed_lines": [95, 96, 97], "summary": {"covered_lines": 3, "num_statements": 3, "percent_covered": 100.0, "percent_covered_display": "100", "missing_lines": 0, "excluded_lines": 0, "percent_statements_covered": 100.0, "percent_statements_covered_display": "100"}, "missing_lines": [], "excluded_lines": []}, "EncryptionService.decrypt_keys": {"executed_lines": [101, 102, 103, 110, 111, 112], "summary": {"covered_lines": 6, "num_statements": 10, "percent_covered": 60.0, "percent_covered_display": "60", "missing_lines": 4, "excluded_lines": 0, "percent_statements_covered": 60.0, "percent_statements_covered_display": "60"}, "missing_lines": [104, 105, 106, 108], "excluded_lines": []}, "": {"executed_lines": [1, 2, 3, 4, 5, 6, 7, 9, 10, 12, 15, 16, 17, 19, 22, 25, 55, 69, 77, 88, 90, 94, 99], "summary": {"covered_lines": 23, "num_statements": 23, "percent_covered": 100.0, "percent_covered_display": "100", "missing_lines": 0, "excluded_lines": 0, "percent_statements_covered": 100.0, "percent_statements_covered_display": "100"}, "missing_lines": [], "excluded_lines": []}}, "classes": {"EncryptionService": {"executed_lines": [92, 95, 96, 97, 101, 102, 103, 110, 111, 112], "summary": {"covered_lines": 10, "num_statements": 14, "percent_covered": 71.42857142857143, "percent_covered_display": "71", "missing_lines": 4, "excluded_lines": 0, "percent_statements_covered": 71.42857142857143, "percent_statements_covered_display": "71"}, "missing_lines": [104, 105, 106, 108], "excluded_lines": []}, "": {"executed_lines": [1, 2, 3, 4, 5, 6, 7, 9, 10, 12, 15, 16, 17, 19, 20, 22, 23, 25, 32, 34, 38, 39, 42, 44, 50, 52, 55, 62, 63, 64, 69, 71, 72, 73, 77, 79, 80, 81, 82, 83, 88, 90, 94, 99], "summary": {"covered_lines": 44, "num_statements": 50, "percent_covered": 88.0, "percent_covered_display": "88", "missing_lines": 6, "excluded_lines": 0, "percent_statements_covered": 88.0, "percent_statements_covered_display": "88"}, "missing_lines": [35, 36, 65, 66, 74, 84], "excluded_lines": []}}}, "backend/app/db/database.py": {"executed_lines": [1, 2, 4, 5, 7, 10, 20, 29, 30, 31, 32, 33, 34, 35, 36, 38], "summary": {"covered_lines": 16, "num_statements": 16, "percent_covered": 100.0, "percent_covered_display": "100", "missing_lines": 0, "excluded_lines": 0, "percent_statements_covered": 100.0, "percent_statements_covered_display": "100"}, "missing_lines": [], "excluded_lines": [], "functions": {"get_db_session": {"executed_lines": [30, 31, 32, 33, 34, 35, 36, 38], "summary": {"covered_lines": 8, "num_statements": 8, "percent_covered": 100.0, "percent_covered_display": "100", "missing_lines": 0, "excluded_lines": 0, "percent_statements_covered": 100.0, "percent_statements_covered_display": "100"}, "missing_lines": [], "excluded_lines": []}, "": {"executed_lines": [1, 2, 4, 5, 7, 10, 20, 29], "summary": {"covered_lines": 8, "num_statements": 8, "percent_covered": 100.0, "percent_covered_display": "100", "missing_lines": 0, "excluded_lines": 0, "percent_statements_covered": 100.0, "percent_statements_covered_display": "100"}, "missing_lines": [], "excluded_lines
[...]
nes": 0, "percent_statements_covered": 100.0, "percent_statements_covered_display": "100"}, "missing_lines": [], "excluded_lines": []}, "TelegramBroadcaster._build_tp_hit_message": {"executed_lines": [309, 310, 311, 314, 315, 316, 317, 319, 321, 322, 325, 326, 328, 331, 332, 334, 335, 337, 338, 339, 341, 344, 345, 346, 348, 349, 350, 351, 352, 354, 355, 357], "summary": {"covered_lines": 32, "num_statements": 32, "percent_covered": 100.0, "percent_covered_display": "100", "missing_lines": 0, "excluded_lines": 0, "percent_statements_covered": 100.0, "percent_statements_covered_display": "100"}, "missing_lines": [], "excluded_lines": []}, "TelegramBroadcaster._build_risk_event_message": {"executed_lines": [376, 377, 380, 381, 382, 383, 384, 385, 386, 387, 389, 391, 392, 395, 396, 397, 398, 399, 401, 402, 403, 404, 405, 406, 407, 409, 410, 412, 413, 414, 415, 416, 417, 418, 420, 421, 422, 423, 424, 425, 427, 428, 429, 430, 431, 432, 433, 434, 435, 436, 437, 438, 439, 441], "summary": {"covered_lines": 54, "num_statements": 54, "percent_covered": 100.0, "percent_covered_display": "100", "missing_lines": 0, "excluded_lines": 0, "percent_statements_covered": 100.0, "percent_statements_covered_display": "100"}, "missing_lines": [], "excluded_lines": []}, "TelegramBroadcaster._build_failure_message": {"executed_lines": [457, 458, 459, 462, 463, 464, 465, 467, 469, 470, 472, 473, 476, 477, 478, 479, 480, 481, 482, 483, 484, 485, 486, 489, 490, 491, 492, 493, 495, 497, 499], "summary": {"covered_lines": 31, "num_statements": 31, "percent_covered": 100.0, "percent_covered_display": "100", "missing_lines": 0, "excluded_lines": 0, "percent_statements_covered": 100.0, "percent_statements_covered_display": "100"}, "missing_lines": [], "excluded_lines": []}, "TelegramBroadcaster._build_pyramid_message": {"executed_lines": [515, 516, 517, 520, 521, 522, 524, 527, 528, 529, 530, 531, 532, 535, 536, 537, 538, 540, 541, 542, 544, 546], "summary": {"covered_lines": 22, "num_statements": 22, "percent_covered": 100.0, "percent_covered_display": "100", "missing_lines": 0, "excluded_lines": 0, "percent_statements_covered": 100.0, "percent_statements_covered_display": "100"}, "missing_lines": [], "excluded_lines": []}, "TelegramBroadcaster._build_exit_message": {"executed_lines": [567, 570, 576, 579, 580, 581, 583, 586, 587, 589, 590, 591, 592, 593, 594, 595, 596, 597, 598, 599, 602, 603, 604, 605, 606, 607, 608, 609, 610, 612, 614], "summary": {"covered_lines": 31, "num_statements": 31, "percent_covered": 100.0, "percent_covered_display": "100", "missing_lines": 0, "excluded_lines": 0, "percent_statements_covered": 100.0, "percent_statements_covered_display": "100"}, "missing_lines": [], "excluded_lines": []}, "TelegramBroadcaster.send_entry_signal": {"executed_lines": [636, 637, 639, 640, 643, 644, 645, 646, 648, 662, 663, 664, 666, 667, 669], "summary": {"covered_lines": 15, "num_statements": 16, "percent_covered": 93.75, "percent_covered_display": "94", "missing_lines": 1, "excluded_lines": 0, "percent_statements_covered": 93.75, "percent_statements_covered_display": "94"}, "missing_lines": [668], "excluded_lines": []}, "TelegramBroadcaster.send_exit_signal": {"executed_lines": [686, 687, 689, 692, 705], "summary": {"covered_lines": 5, "num_statements": 6, "percent_covered": 83.33333333333333, "percent_covered_display": "83", "missing_lines": 1, "excluded_lines": 0, "percent_statements_covered": 83.33333333333333, "percent_statements_covered_display": "83"}, "missing_lines": [690], "excluded_lines": []}, "TelegramBroadcaster.send_dca_fill": {"executed_lines": [718, 721, 724, 733, 734, 736, 737, 739], "summary": {"covered_lines": 8, "num_statements": 11, "percent_covered": 72.72727272727273, "percent_covered_display": "73", "missing_lines": 3, "excluded_lines": 0, "percent_statements_covered": 72.72727272727273, "percent_statements_covered_display": "73"}, "missing_lines": [719, 722, 738], "excluded_lines": []}, "TelegramBroadcaster.send_status_change": {"executed_lines": [754, 757, 760, 771], "summary": {"covered_lines": 4, "num_statements": 6, "percent_covered": 66.66666666666667, "percent_covered_display": "67", "missing_lines": 2, "excluded_lines": 0, "percent_statements_covered": 66.66666666666667, "percent_statements_covered_display": "67"}, "missing_lines": [755, 758], "excluded_lines": []}, "TelegramBroadcaster.send_tp_hit": {"executed_lines": [787, 790, 793, 805], "summary": {"covered_lines": 4, "num_statements": 6, "percent_covered": 66.66666666666667, "percent_covered_display": "67", "missing_lines": 2, "excluded_lines": 0, "percent_statements_covered": 66.66666666666667, "percent_statements_covered_display": "67"}, "missing_lines": [788, 791], "excluded_lines": []}, "TelegramBroadcaster.send_risk_event": {"executed_lines": [820, 824, 827, 838], "summary": {"covered_lines": 4, "num_statements": 6, "percent_covered": 66.66666666666667, "percent_covered_display": "67", "missing_lines": 2, "excluded_lines": 0, "percent_statements_covered": 66.66666666666667, "percent_statements_covered_display": "67"}, "missing_lines": [821, 825], "excluded_lines": []}, "TelegramBroadcaster.send_failure": {"executed_lines": [850, 854, 857, 865], "summary": {"covered_lines": 4, "num_statements": 6, "percent_covered": 66.66666666666667, "percent_covered_display": "67", "missing_lines": 2, "excluded_lines": 0, "percent_statements_covered": 66.66666666666667, "percent_statements_covered_display": "67"}, "missing_lines": [851, 855], "excluded_lines": []}, "TelegramBroadcaster.send_pyramid_added": {"executed_lines": [877, 880, 883, 891], "summary": {"covered_lines": 4, "num_statements": 6, "percent_covered": 66.66666666666667, "percent_covered_display": "67", "missing_lines": 2, "excluded_lines": 0, "percent_statements_covered": 66.66666666666667, "percent_statements_covered_display": "67"}, "missing_lines": [878, 881], "excluded_lines": []}, "TelegramBroadcaster._save_message_id": {"executed_lines": [904, 905, 906, 907, 908, 909], "summary": {"covered_lines": 6, "num_statements": 6, "percent_covered": 100.0, "percent_covered_display": "100", "missing_lines": 0, "excluded_lines": 0, "percent_statements_covered": 100.0, "percent_statements_covered_display": "100"}, "missing_lines": [], "excluded_lines": []}, "TelegramBroadcaster._send_message": {"executed_lines": [914, 915, 916, 918, 920, 921, 922, 923, 929, 930, 931, 932, 933, 934, 936, 937, 938, 940, 941, 942, 943, 944, 945], "summary": {"covered_lines": 23, "num_statements": 23, "percent_covered": 100.0, "percent_covered_display": "100", "missing_lines": 0, "excluded_lines": 0, "percent_statements_covered": 100.0, "percent_statements_covered_display": "100"}, "missing_lines": [], "excluded_lines": []}, "TelegramBroadcaster._update_message": {"executed_lines": [950, 951, 952, 954, 956, 957, 958, 959, 966, 967, 968, 969, 971, 972, 973, 975, 976, 977, 978, 979, 980], "summary": {"covered_lines": 21, "num_statements": 21, "percent_covered": 100.0, "percent_covered_display": "100", "missing_lines": 0, "excluded_lines": 0, "percent_statements_covered": 100.0, "percent_statements_covered_display": "100"}, "missing_lines": [], "excluded_lines": []}, "TelegramBroadcaster.test_connection": {"executed_lines": [984, 985, 987, 988, 989, 992, 1000, 1001, 1003, 1005, 1006], "summary": {"covered_lines": 11, "num_statements": 11, "percent_covered": 100.0, "percent_covered_display": "100", "missing_lines": 0, "excluded_lines": 0, "percent_statements_covered": 100.0, "percent_statements_covered_display": "100"}, "missing_lines": [], "excluded_lines": []}, "": {"executed_lines": [1, 5, 6, 7, 8, 9, 10, 12, 14, 15, 16, 17, 19, 22, 23, 25, 33, 45, 51, 58, 62, 66, 74, 94, 105, 187, 197, 243, 295, 363, 447, 505, 552, 620, 671, 707, 741, 773, 807, 840, 867, 897, 911, 947, 982], "summary": {"covered_lines": 43, "num_statements": 43, "percent_covered": 100.0, "percent_covered_display": "100", "missing_lines": 0, "excluded_lines": 0, "percent_statements_covered": 100.0, "percent_statements_covered_display": "100"}, "missing_lines": [], "excluded_lines": []}}, "classes": {"TelegramBroadcaster": {"executed_lines": [26, 27, 35, 36, 37, 38, 39, 40, 42, 43, 47, 48, 49, 53, 54, 55, 56, 60, 64, 68, 69, 70, 71, 72, 76, 77, 78, 79, 81, 82, 83, 84, 87, 88, 91, 92, 96, 97, 99, 120, 121, 122, 123, 126, 127, 128, 131, 132, 133, 134, 135, 138, 139, 140, 142, 144, 147, 148, 149, 150, 151, 152, 154, 155, 156, 158, 161, 162, 164, 165, 167, 168, 169, 170, 171, 173, 174, 176, 179, 180, 182, 183, 185, 189, 190, 191, 207, 208, 209, 210, 213, 214, 215, 218, 219, 220, 223, 224, 225, 226, 227, 228, 229, 230, 233, 234, 235, 237, 256, 257, 258, 261, 262, 263, 266, 267, 270, 271, 272, 274, 276, 277, 278, 279, 280, 281, 282, 285, 286, 287, 289, 309, 310, 311, 314, 315, 316, 317, 319, 321, 322, 325, 326, 328, 331, 332, 334, 335, 337, 338, 339, 341, 344, 345, 346, 348, 349, 350, 351, 352, 354, 355, 357, 376, 377, 380, 381, 382, 383, 384, 385, 386, 387, 389, 391, 392, 395, 396, 397, 398, 399, 401, 402, 403, 404, 405, 406, 407, 409, 410, 412, 413, 414, 415, 416, 417, 418, 420, 421, 422, 423, 424, 425, 427, 428, 429, 430, 431, 432, 433, 434, 435, 436, 437, 438, 439, 441, 457, 458, 459, 462, 463, 464, 465, 467, 469, 470, 472, 473, 476, 477, 478, 479, 480, 481, 482, 483, 484, 485, 486, 489, 490, 491, 492, 493, 495, 497, 499, 515, 516, 517, 520, 521, 522, 524, 527, 528, 529, 530, 531, 532, 535, 536, 537, 538, 540, 541, 542, 544, 546, 567, 570, 576, 579, 580, 581, 583, 586, 587, 589, 590, 591, 592, 593, 594, 595, 596, 597, 598, 599, 602, 603, 604, 605, 606, 607, 608, 609, 610, 612, 614, 636, 637, 639, 640, 643, 644, 645, 646, 648, 662, 663, 664, 666, 667, 669, 686, 687, 689, 692, 705, 718, 721, 724, 733, 734, 736, 737, 739, 754, 757, 760, 771, 787, 790, 793, 805, 820, 824, 827, 838, 850, 854, 857, 865, 877, 880, 883, 891, 904, 905, 906, 907, 908, 909, 914, 915, 916, 918, 920, 921, 922, 923, 929, 930, 931, 932, 933, 934, 936, 937, 938, 940, 941, 942, 943, 944, 945, 950, 951, 952, 954, 956, 957, 958, 959, 966, 967, 968, 969, 971, 972, 973, 975, 976, 977, 978, 979, 980, 984, 985, 987, 988, 989, 992, 1000, 1001, 1003, 1005, 1006], "summary": {"covered_lines": 410, "num_statements": 426, "percent_covered": 96.24413145539906, "percent_covered_display": "96", "missing_lines": 16, "excluded_lines": 0, "percent_statements_covered": 96.24413145539906, "percent_statements_covered_display": "96"}, "missing_lines": [90, 668, 690, 719, 722, 738, 755, 758, 788, 791, 821, 825, 851, 855, 878, 881], "excluded_lines": []}, "": {"executed_lines": [1, 5, 6, 7, 8, 9, 10, 12, 14, 15, 16, 17, 19, 22, 23, 25, 33, 45, 51, 58, 62, 66, 74, 94, 105, 187, 197, 243, 295, 363, 447, 505, 552, 620, 671, 707, 741, 773, 807, 840, 867, 897, 911, 947, 982], "summary": {"covered_lines": 43, "num_statements": 43, "percent_covered": 100.0, "percent_covered_display": "100", "missing_lines": 0, "excluded_lines": 0, "percent_statements_covered": 100.0, "percent_statements_covered_display": "100"}, "missing_lines": [], "excluded_lines": []}}}, "backend/app/services/telegram_signal_helper.py": {"executed_lines": [1, 5, 6, 7, 9, 10, 12, 13, 14, 15, 16, 17, 18, 20, 27, 32, 33, 36, 38, 39, 41, 43, 44, 46, 47, 48, 49, 52, 57, 59, 61, 69, 70, 71, 72, 75, 77, 78, 79, 80, 81, 84, 90, 91, 92, 94, 95, 96, 97, 98, 99, 101, 103, 105, 108, 113, 114, 115, 122, 135, 136, 137, 138, 140, 143, 148, 151, 152, 153, 154, 155, 156, 158, 159, 160, 162, 163, 165, 166, 171, 174, 175, 176, 177, 182, 194, 195, 196, 199, 200, 203, 205, 207, 229, 244, 245, 246, 247, 250, 251, 252, 253, 255, 257, 259, 262, 263, 264, 265, 266, 267, 270, 271, 272, 276, 277, 280, 282, 295, 305, 320, 321, 322, 323, 326, 332, 333, 336, 339, 340, 343, 345, 354, 364, 381, 382, 383, 384, 387, 388, 389, 391, 392, 393, 397, 398, 401, 403, 404, 406, 417, 427, 454, 455, 456, 457, 460, 462, 474, 484, 509, 510, 511, 512, 515, 517, 528, 538, 557, 558, 559, 560, 563, 565, 573, 583, 596, 597, 598, 599, 602, 605, 610, 613, 614, 615, 617, 618, 619, 622, 623, 624, 625, 626, 632, 635, 637, 645, 1973, 1983, 1985, 1992], "summary": {"covered_lines": 197, "num_statements": 224, "percent_covered": 87.94642857142857, "percent_covered_display": "88", "missing_lines": 27, "excluded_lines": 0, "percent_statements_covered": 87.94642857142857, "percent_statements_covered_display": "88"}, "missing_lines": [168, 184, 185, 186, 187, 189, 190, 221, 222, 273, 297, 298, 356, 357, 394, 419, 420, 476, 477, 530, 531, 575, 576, 628, 629, 647, 648], "excluded_lines": [], "functions": {"_get_user_telegram_config": {"executed_lines": [32, 33, 36, 38, 39, 41, 43, 44, 46, 47, 48, 49], "summary": {"covered_lines": 12, "num_statements": 12, "percent_covered": 100.0, "percent_covered_display": "100", "missing_lines": 0, "excluded_lines": 0, "percent_statements_covered": 100.0, "percent_statements_covered_display": "100"}, "missing_lines": [], "excluded_lines": []}, "_get_dca_config": {"executed_lines": [57, 59, 61, 69, 70, 71, 72], "summary": {"covered_lines": 7, "num_statements": 7, "percent_covered": 100.0, "percent_covered_display": "100", "missing_lines": 0, "excluded_lines": 0, "percent_statements_covered": 100.0, "percent_statements_covered_display": "100"}, "missing_lines": [], "excluded_lines": []}, "_extract_weights_from_levels": {"executed_lines": [77, 78, 79, 80, 81], "summary": {"covered_lines": 5, "num_statements": 5, "percent_covered": 100.0, "percent_covered_display": "100", "missing_lines": 0, "excluded_lines": 0, "percent_statements_covered": 100.0, "percent_statements_covered_display": "100"}, "missing_lines": [], "excluded_lines": []}, "_calculate_tp_prices": {"executed_lines": [90, 91, 92, 94, 95, 96, 97, 98, 99, 101, 103, 105], "summary": {"covered_lines": 12, "num_statements": 12, "percent_covered": 100.0, "percent_covered_display": "100", "missing_lines": 0, "excluded_lines": 0, "percent_statements_covered": 100.0, "percent_statements_covered_display": "100"}, "missing_lines": [], "excluded_lines": []}, "_calculate_aggregate_tp": {"executed_lines": [113, 114, 115], "summary": {"covered_lines": 3, "num_statements": 3, "percent_covered": 100.0, "percent_covered_display": "100", "missing_lines": 0, "excluded_lines": 0, "percent_statements_covered": 100.0, "percent_statements_covered_display": "100"}, "missing_lines": [], "excluded_lines": []}, "broadcast_entry_signal": {"executed_lines": [135, 136, 137, 138, 140, 143, 148, 151, 152, 153, 154, 155, 156, 158, 159, 160, 162, 163, 165, 166, 171, 174, 175, 176, 177, 182, 194, 195, 196, 199, 200, 203, 205, 207], "summary": {"covered_lines": 34, "num_statements": 43, "percent_covered": 79.06976744186046, "percent_covered_display": "79", "missing_lines": 9, "excluded_lines": 0, "percent_statements_covered": 79.06976744186046, "percent_statements_covered_display": "79"}, "missing_lines": [168, 184, 185, 186, 187, 189, 190, 221, 222], "excluded_lines": []}, "broadcast_exit_signal": {"executed_lines": [244, 245, 246, 247, 250, 251, 252, 253, 255, 257, 259, 262, 263, 264, 265, 266, 267, 270, 271, 272, 276, 277, 280, 282, 295], "summary": {"covered_lines": 25, "num_statements": 28, "percent_covered": 89.28571428571429, "percent_covered_display": "89", "missing_lines": 3, "excluded_lines": 0, "percent_statements_covered": 89.28571428571429, "percent_statements_covered_display": "89"}, "missing_lines": [273, 297, 298], "excluded_lines": []}, "broadcast_dca_fill": {"executed_lines": [320, 321, 322, 323, 326, 332, 333, 336, 339, 340, 343, 345, 354], "summary": {"covered_lines": 13, "num_statements": 15, "percent_covered": 86.66666666666667, "percent_covered_display": "87", "missing_lines": 2, "excluded_lines": 0, "percent_statements_covered": 86.66666666666667, "percent_statements_covered_display": "87"}, "missing_lines": [356, 357], "excluded_lines": []}, "broadcast_status_change": {"executed_lines": [381, 382, 383, 384, 387, 388, 389, 391, 392, 393, 397, 398, 401, 403, 404, 406, 417], "summary": {"covered_lines": 17, "num_statements": 20, "percent_covered": 85.0, "percent_covered_display": "85", "missing_lines": 3, "excluded_lines": 0, "percent_statements_covered": 85.0, "percent_statements_covered_display": "85"}, "missing_lines": [394, 419, 420], "excluded_lines": []}, "broadcast_tp_hit": {"executed_lines": [454, 455, 456, 457, 460, 462, 474], "summary": {"covered_lines": 7, "num_statements": 9, "percent_covered": 77.77777777777777, "percent_covered_display": "78", "missing_lines": 2, "excluded_lines": 0, "percent_statements_covered": 77.77777777777777, "percent_statements_covered_display": "78"}, "missing_lines": [476, 477], "excluded_lines": []}, "broadcast_risk_event": {"executed_lines": [509, 510, 511, 512, 515, 517, 528], "summary": {"covered_lines": 7, "num_statements": 9, "percent_covered": 77.77777777777777, "percent_covered_display": "78", "missing_lines": 2, "excluded_lines": 0, "percent_statements_covered": 77.77777777777777, "percent_statements_covered_display": "78"}, "missing_lines": [530, 531], "excluded_lines": []}, "broadcast_failure": {"executed_lines": [557, 558, 559, 560, 563, 565, 573], "summary": {"covered_lines": 7, "num_statements": 9, "percent_covered": 77.77777777777777, "percent_covered_display": "78", "missing_lines": 2, "excluded_lines": 0, "percent_statements_covered": 77.77777777777777, "percent_statements_covered_display": "78"}, "missing_lines": [575, 576], "excluded_lines": []}, "broadcast_pyramid_added": {"executed_lines": [596, 597, 598, 599, 602, 605, 610, 613, 614, 615, 617, 618, 619, 622, 623, 624, 625, 626, 632, 635, 637, 645], "summary": {"covered_lines": 22, "num_statements": 26, "percent_covered": 84.61538461538461, "percent_covered_display": "85", "missing_lines": 4, "excluded_lines": 0, "percent_statements_covered": 84.61538461538461, "percent_statements_covered_display": "85"}, "missing_lines": [628, 629, 647, 648], "excluded_lines": []}, "": {"executed_lines": [1, 5, 6, 7, 9, 10, 12, 13, 14, 15, 16, 17, 18, 20, 27, 52, 75, 84, 108, 122, 229, 305, 364, 427, 484, 538, 583], "summary": {"covered_lines": 26, "num_statements": 26, "percent_covered": 100.0, "percent_covered_display": "100", "missing_lines": 0, "excluded_lines": 0, "percent_statements_covered": 100.0, "percent_statements_covered_display": "100"}, "missing_lines": [], "excluded_lines": []}}, "classes": {"": {"executed_lines": [1, 5, 6, 7, 9, 10, 12, 13, 14, 15, 16, 17, 18, 20, 27, 32, 33, 36, 38, 39, 41, 43, 44, 46, 47, 48, 49, 52, 57, 59, 61, 69, 70, 71, 72, 75, 77, 78, 79, 80, 81, 84, 90, 91, 92, 94, 95, 96, 97, 98, 99, 101, 103, 105, 108, 113, 114, 115, 122, 135, 136, 137, 138, 140, 143, 148, 151, 152, 153, 154, 155, 156, 158, 159, 160, 162, 163, 165, 166, 171, 174, 175, 176, 177, 182, 194, 195, 196, 199, 200, 203, 205, 207, 229, 244, 245, 246, 247, 250, 251, 252, 253, 255, 257, 259, 262, 263, 264, 265, 266, 267, 270, 271, 272, 276, 277, 280, 282, 295, 305, 320, 321, 322, 323, 326, 332, 333, 336, 339, 340, 343, 345, 354, 364, 381, 382, 383, 384, 387, 388, 389, 391, 392, 393, 397, 398, 401, 403, 404, 406, 417, 427, 454, 455, 456, 457, 460, 462, 474, 484, 509, 510, 511, 512, 515, 517, 528, 538, 557, 558, 559, 560, 563, 565, 573, 583, 596, 597, 598, 599, 602, 605, 610, 613, 614, 615, 617, 618, 619, 622, 623, 624, 625, 626, 632, 635, 637, 645], "summary": {"covered_lines": 197, "num_statements": 224, "percent_covered": 87.94642857142857, "percent_covered_display": "88", "missing_lines": 27, "excluded_lines": 0, "percent_statements_covered": 87.94642857142857, "percent_statements_covered_display": "88"}, "missing_lines": [168, 184, 185, 186, 187, 189, 190, 221, 222, 273, 297, 298, 356, 357, 394, 419, 420, 476, 477, 530, 531, 575, 576, 628, 629, 647, 648], "excluded_lines": []}}}}, "totals": {"covered_lines": 6653, "num_statements": 7395, "percent_covered": 89.96619337390129, "percent_covered_display": "90", "missing_lines": 742, "excluded_lines": 2, "percent_statements_covered": 89.96619337390129, "percent_statements_covered_display": "90"}}